#
# A fatal error has been detected by the Java Runtime Environment:
#
#  SIGSEGV (0xb) at pc=0x00007fff810bf0dd, pid=16300, tid=1811
#
# JRE version: Java(TM) SE Runtime Environment (8.0_60-b24) (build 1.8.0_60-ea-b24)
# Java VM: Java HotSpot(TM) 64-Bit Server VM (25.60-b23 mixed mode bsd-amd64 compressed oops)
# Problematic frame:
# C  [libobjc.A.dylib+0x10dd]  objc_msgSend+0x1d
#
# Failed to write core dump. Core dumps have been disabled. To enable core dumping, try "ulimit -c unlimited" before starting Java again
#
# If you would like to submit a bug report, please visit:
#   http://bugreport.java.com/bugreport/crash.jsp
# The crash happened outside the Java Virtual Machine in native code.
# See problematic frame for where to report the bug.
#

---------------  T H R E A D  ---------------

Current thread (0x00007fd2aa923000):  JavaThread "AppKit Thread" daemon [_thread_in_native, id=1811, stack(0x00007fff595d8000,0x00007fff59dd8000)]

siginfo: si_signo: 11 (SIGSEGV), si_code: 1 (SEGV_MAPERR), si_addr: 0x00000000beb00018

Registers:
RAX=0x00007fd2a8f7f410, RBX=0x00007fff59dd3988, RCX=0x0000000000000000, RDX=0x00007fd2a8d86210
RSP=0x00007fff59dd37a8, RBP=0x00007fff59dd37b0, RSI=0x00007fff88b0441e, RDI=0x00007fd2a8f7f410
R8 =0x00007fff59dd3790, R9 =0x0000000000000055, R10=0x00007fff88b0441e, R11=0x00000000beb00000
R12=0x00007fd2a8e187e0, R13=0x00000000000f42ed, R14=0x00007fd2a8f894c0, R15=0x00007fff59dd38e8
RIP=0x00007fff810bf0dd, EFLAGS=0x0000000000010206, ERR=0x0000000000000004
  TRAPNO=0x000000000000000e

Top of Stack: (sp=0x00007fff59dd37a8)
0x00007fff59dd37a8:   00007fff850cc45c 00007fff59dd3b10
0x00007fff59dd37b8:   00007fff84fbc634 00007fff59dd383c
0x00007fff59dd37c8:   00007fff59dd3840 00007fff59dd3844
0x00007fff59dd37d8:   00007fff71db5e00 ffffffffffffffff
0x00007fff59dd37e8:   00000000000007f8 00007fff71db5e18
0x00007fff59dd37f8:   00007fd2a8f894c0 0000000000000000
0x00007fff59dd3808:   00007fff59dd38e0 0000000000000000
0x00007fff59dd3818:   00007fd2a8f88a00 00007fff59dd3960
0x00007fff59dd3828:   0000000000000055 00000000000f42ef
0x00007fff59dd3838:   00007fd2a8d86210 00007fd2a8f88430
0x00007fff59dd3848:   00007fd2a8e187e0 0000000000000001
0x00007fff59dd3858:   00000000000f42ed 00007fd2a8e187d0
0x00007fff59dd3868:   00007fff8a958c05 00000001a8d561c0
0x00007fff59dd3878:   00007fff72cf10d0 0000000042000000
0x00007fff59dd3888:   00007fff8a95fe63 00007fff71d80240
0x00007fff59dd3898:   00007fff59dd3968 00007fff59dd38c0
0x00007fff59dd38a8:   00007fff59dd38e0 0000000000000000
0x00007fff59dd38b8:   0000000000000021 0001ec0300000001
0x00007fff59dd38c8:   00007fd2a8e18804 0000000000000000
0x00007fff59dd38d8:   0000000000000000 00007fd2a8f88a80
0x00007fff59dd38e8:   00007fd2a8f894c0 0000002000000000
0x00007fff59dd38f8:   0000000000000000 00007fff72cf10d0
0x00007fff59dd3908:   0000000042000000 00007fff8a95f4f8
0x00007fff59dd3918:   00007fff71d80350 00007fff59dd3878
0x00007fff59dd3928:   0000000000000000 00007fff59dd39f8
0x00007fff59dd3938:   00007fff71765ea0 00007fff59dd3a30
0x00007fff59dd3948:   00007fff8da86770 00007fff59dd39e0
0x00007fff59dd3958:   00007fff882384ed 0000000000000051
0x00007fff59dd3968:   0000000000000000 00000000000f42e1
0x00007fff59dd3978:   0000000000000053 0000000000000000
0x00007fff59dd3988:   00000000000f42ed 00007fff59dd3a04
0x00007fff59dd3998:   00000000003ce301 00000000ffffffff 

Instructions: (pc=0x00007fff810bf0dd)
0x00007fff810bf0bd:   00 00 00 48 85 ff 2e 74 7a 40 f6 c7 01 2e 75 7e
0x00007fff810bf0cd:   49 bb f8 ff ff ff ff 7f 00 00 4c 23 1f 49 89 f2
0x00007fff810bf0dd:   45 23 53 18 49 c1 e2 04 4d 03 53 10 49 3b 32 75
0x00007fff810bf0ed:   04 41 ff 62 08 49 83 3a 00 74 6a 4d 3b 53 10 74 

Register to memory mapping:

RAX=0x00007fd2a8f7f410 is an unknown value
RBX=0x00007fff59dd3988 is pointing into the stack for thread: 0x00007fd2aa923000
RCX=0x0000000000000000 is an unknown value
RDX=0x00007fd2a8d86210 is an unknown value
RSP=0x00007fff59dd37a8 is pointing into the stack for thread: 0x00007fd2aa923000
RBP=0x00007fff59dd37b0 is pointing into the stack for thread: 0x00007fd2aa923000
RSI=0x00007fff88b0441e: -[NSTitlebarContainerView transparent]+0x5e312 in /System/Library/Frameworks/AppKit.framework/Versions/C/AppKit at 0x00007fff88103000
RDI=0x00007fd2a8f7f410 is an unknown value
R8 =0x00007fff59dd3790 is pointing into the stack for thread: 0x00007fd2aa923000
R9 =0x0000000000000055 is an unknown value
R10=0x00007fff88b0441e: -[NSTitlebarContainerView transparent]+0x5e312 in /System/Library/Frameworks/AppKit.framework/Versions/C/AppKit at 0x00007fff88103000
R11=0x00000000beb00000 is an unknown value
R12=0x00007fd2a8e187e0 is an unknown value
R13=0x00000000000f42ed is an unknown value
R14=0x00007fd2a8f894c0 is an unknown value
R15=0x00007fff59dd38e8 is pointing into the stack for thread: 0x00007fd2aa923000


Stack: [0x00007fff595d8000,0x00007fff59dd8000],  sp=0x00007fff59dd37a8,  free space=8173k
Native frames: (J=compiled Java code, j=interpreted, Vv=VM code, C=native code)
C  [libobjc.A.dylib+0x10dd]  objc_msgSend+0x1d
C  [CoreFoundation+0x10634]  _CFXNotificationPost+0xc44
C  [Foundation+0x7aa1]  -[NSNotificationCenter postNotificationName:object:userInfo:]+0x42
C  [AppKit+0x439c2]  -[NSSurface _disposeSurface]+0x98
C  [AppKit+0x43426]  -[NSSurface setWindow:]+0x42
C  [AppKit+0x33910]  -[NSView _setWindow:]+0xa33
C  [AppKit+0x6af91]  -[NSView removeFromSuperview]+0x1c5
C  [AppKit+0x14bd99]  -[NSView removeFromSuperviewWithoutNeedingDisplay]+0x26
C  [liblwjgl.dylib+0xa205]  +[MacOSXKeyableWindow destroyWindow]+0xb5
C  [Foundation+0x92dd0]  __NSThreadPerformPerform+0x125
C  [CoreFoundation+0x80a01]  __CFRUNLOOP_IS_CALLING_OUT_TO_A_SOURCE0_PERFORM_FUNCTION__+0x11
C  [CoreFoundation+0x72b8d]  __CFRunLoopDoSources0+0x10d
C  [CoreFoundation+0x721bf]  __CFRunLoopRun+0x39f
C  [CoreFoundation+0x71bd8]  CFRunLoopRunSpecific+0x128
C  [HIToolbox+0x3256f]  RunCurrentEventLoopInMode+0xeb
C  [HIToolbox+0x322ea]  ReceiveNextEventCommon+0x1af
C  [HIToolbox+0x3212b]  _BlockUntilNextEventMatchingListInModeWithFilter+0x47
C  [AppKit+0x918ab]  _DPSNextEvent+0x3d2
C  [AppKit+0x90e58]  -[NSApplication nextEventMatchingMask:untilDate:inMode:dequeue:]+0x15a
C  [libosxapp.dylib+0x23aa]  -[NSApplicationAWT nextEventMatchingMask:untilDate:inMode:dequeue:]+0x7c
C  [AppKit+0x86af3]  -[NSApplication run]+0x252
C  [libosxapp.dylib+0x214d]  +[NSApplicationAWT runAWTLoopWithApp:]+0x9c
C  [libawt_lwawt.dylib+0x44547]  -[AWTStarter starter:]+0x389
C  [Foundation+0x92dd0]  __NSThreadPerformPerform+0x125
C  [CoreFoundation+0x80a01]  __CFRUNLOOP_IS_CALLING_OUT_TO_A_SOURCE0_PERFORM_FUNCTION__+0x11
C  [CoreFoundation+0x72b8d]  __CFRunLoopDoSources0+0x10d
C  [CoreFoundation+0x721bf]  __CFRunLoopRun+0x39f
C  [CoreFoundation+0x71bd8]  CFRunLoopRunSpecific+0x128
C  [java+0x6463]  CreateExecutionEnvironment+0x367
C  [java+0x21ac]  JLI_Launch+0x7a0
C  [java+0x84c0]  main+0x65
C  [java+0x1a04]  start+0x34
C  0x0000000000000006


---------------  P R O C E S S  ---------------

Java Threads: ( => current thread )
  0x00007fd2aa8ef000 JavaThread "AWT-Shutdown" [_thread_blocked, id=28435, stack(0x00000001211d8000,0x00000001212d8000)]
=>0x00007fd2aa923000 JavaThread "AppKit Thread" daemon [_thread_in_native, id=1811, stack(0x00007fff595d8000,0x00007fff59dd8000)]
  0x00007fd2aa86e800 JavaThread "Service Thread" daemon [_thread_blocked, id=18179, stack(0x000000011f5c6000,0x000000011f6c6000)]
  0x00007fd2aa86e000 JavaThread "C1 CompilerThread2" daemon [_thread_blocked, id=17667, stack(0x000000011f4c3000,0x000000011f5c3000)]
  0x00007fd2aa86d000 JavaThread "C2 CompilerThread1" daemon [_thread_blocked, id=17155, stack(0x000000011f3c0000,0x000000011f4c0000)]
  0x00007fd2a981e800 JavaThread "C2 CompilerThread0" daemon [_thread_blocked, id=16643, stack(0x000000011f2bd000,0x000000011f3bd000)]
  0x00007fd2a981e000 JavaThread "Signal Dispatcher" daemon [_thread_blocked, id=13335, stack(0x000000011f1ba000,0x000000011f2ba000)]
  0x00007fd2a980c800 JavaThread "Finalizer" daemon [_thread_blocked, id=11523, stack(0x000000011d7af000,0x000000011d8af000)]
  0x00007fd2aa007000 JavaThread "Reference Handler" daemon [_thread_blocked, id=11011, stack(0x000000011d6ac000,0x000000011d7ac000)]
  0x00007fd2a9803800 JavaThread "main" [_thread_in_native, id=4867, stack(0x000000010778a000,0x000000010788a000)]

Other Threads:
  0x00007fd2aa004800 VMThread [stack: 0x000000011d5a9000,0x000000011d6a9000] [id=10499]
  0x00007fd2aa011000 WatcherThread [stack: 0x000000011f6c9000,0x000000011f7c9000] [id=18691]

VM state:not at safepoint (normal execution)

VM Mutex/Monitor currently owned by a thread: None

Heap:
 PSYoungGen      total 38400K, used 14336K [0x0000000795580000, 0x0000000798000000, 0x00000007c0000000)
  eden space 33280K, 43% used [0x0000000795580000,0x0000000796380250,0x0000000797600000)
  from space 5120K, 0% used [0x0000000797b00000,0x0000000797b00000,0x0000000798000000)
  to   space 5120K, 0% used [0x0000000797600000,0x0000000797600000,0x0000000797b00000)
 ParOldGen       total 87552K, used 0K [0x0000000740000000, 0x0000000745580000, 0x0000000795580000)
  object space 87552K, 0% used [0x0000000740000000,0x0000000740000000,0x0000000745580000)
 Metaspace       used 8330K, capacity 8451K, committed 8576K, reserved 1056768K
  class space    used 840K, capacity 888K, committed 896K, reserved 1048576K

Card table byte_map: [0x0000000116c4c000,0x000000011704d000] byte_map_base: 0x000000011324c000

Marking Bits: (ParMarkBitMap*) 0x00000001070ded80
 Begin Bits: [0x0000000117704000, 0x0000000119704000)
 End Bits:   [0x0000000119704000, 0x000000011b704000)

Polling page: 0x0000000105f81000

CodeCache: size=245760Kb used=3606Kb max_used=3606Kb free=242154Kb
 bounds [0x000000010788c000, 0x0000000107c1c000, 0x000000011688c000]
 total_blobs=1257 nmethods=851 adapters=320
 compilation: enabled

Compilation events (10 events):
Event: 7.340 Thread 0x00007fd2aa86e000  847       3       java.nio.HeapByteBuffer::putInt (20 bytes)
Event: 7.341 Thread 0x00007fd2aa86e000 nmethod 847 0x0000000107c12c90 code [0x0000000107c12e20, 0x0000000107c131e8]
Event: 7.341 Thread 0x00007fd2aa86e000  848       3       java.nio.Bits::putInt (20 bytes)
Event: 7.341 Thread 0x00007fd2aa86e000 nmethod 848 0x0000000107c12850 code [0x0000000107c129c0, 0x0000000107c12bb8]
Event: 7.341 Thread 0x00007fd2aa86e000  849       3       java.nio.Bits::int0 (3 bytes)
Event: 7.341 Thread 0x00007fd2aa86e000 nmethod 849 0x0000000107c12550 code [0x0000000107c126a0, 0x0000000107c127d0]
Event: 7.431 Thread 0x00007fd2aa86e000  850       3       java.nio.HeapByteBuffer::getInt (18 bytes)
Event: 7.432 Thread 0x00007fd2aa86e000 nmethod 850 0x0000000107c11250 code [0x0000000107c11460, 0x0000000107c11d88]
Event: 7.432 Thread 0x00007fd2aa86e000  851       3       java.nio.Bits::getInt (18 bytes)
Event: 7.432 Thread 0x00007fd2aa86e000 nmethod 851 0x0000000107c13950 code [0x0000000107c13b60, 0x0000000107c14518]

GC Heap History (0 events):
No events

Deoptimization events (4 events):
Event: 0.141 Thread 0x00007fd2a9803800 Uncommon trap: reason=unstable_if action=reinterpret pc=0x00000001079c7340 method=java.lang.String.indexOf(II)I @ 49
Event: 0.337 Thread 0x00007fd2a9803800 Uncommon trap: reason=unstable_if action=reinterpret pc=0x0000000107a2495c method=java.lang.String.replace(CC)Ljava/lang/String; @ 26
Event: 0.576 Thread 0x00007fd2a9803800 Uncommon trap: reason=unstable_if action=reinterpret pc=0x0000000107abff9c method=com.sun.org.apache.xerces.internal.util.XMLChar.isContent(I)Z @ 14
Event: 4.024 Thread 0x00007fd2a9803800 Uncommon trap: reason=unstable_if action=reinterpret pc=0x0000000107bb53ec method=org.newdawn.slick.Image.draw(FFFFLorg/newdawn/slick/Color;)V @ 80

Internal exceptions (10 events):
Event: 0.091 Thread 0x00007fd2a9803800 Exception <a 'java/security/PrivilegedActionException'> (0x0000000795785838) thrown at [/Users/java_re/workspace/8-2-build-macosx-x86_64/jdk8u60/4241.nc/hotspot/src/share/vm/prims/jvm.cpp, line 1386]
Event: 0.130 Thread 0x00007fd2a9803800 Exception <a 'java/security/PrivilegedActionException'> (0x00000007958d1e78) thrown at [/Users/java_re/workspace/8-2-build-macosx-x86_64/jdk8u60/4241.nc/hotspot/src/share/vm/prims/jvm.cpp, line 1386]
Event: 0.130 Thread 0x00007fd2a9803800 Exception <a 'java/security/PrivilegedActionException'> (0x00000007958d2088) thrown at [/Users/java_re/workspace/8-2-build-macosx-x86_64/jdk8u60/4241.nc/hotspot/src/share/vm/prims/jvm.cpp, line 1386]
Event: 0.130 Thread 0x00007fd2a9803800 Exception <a 'java/security/PrivilegedActionException'> (0x00000007958d5510) thrown at [/Users/java_re/workspace/8-2-build-macosx-x86_64/jdk8u60/4241.nc/hotspot/src/share/vm/prims/jvm.cpp, line 1386]
Event: 0.130 Thread 0x00007fd2a9803800 Exception <a 'java/security/PrivilegedActionException'> (0x00000007958d5720) thrown at [/Users/java_re/workspace/8-2-build-macosx-x86_64/jdk8u60/4241.nc/hotspot/src/share/vm/prims/jvm.cpp, line 1386]
Event: 0.165 Thread 0x00007fd2a9803800 Exception <a 'java/lang/NoSuchFieldError': method resolution failed> (0x00000007959a3e48) thrown at [/Users/java_re/workspace/8-2-build-macosx-x86_64/jdk8u60/4241.nc/hotspot/src/share/vm/prims/methodHandles.cpp, line 1146]
Event: 0.166 Thread 0x00007fd2a9803800 Exception <a 'java/lang/NoSuchFieldError': method resolution failed> (0x00000007959b1598) thrown at [/Users/java_re/workspace/8-2-build-macosx-x86_64/jdk8u60/4241.nc/hotspot/src/share/vm/prims/methodHandles.cpp, line 1146]
Event: 0.319 Thread 0x00007fd2a9803800 Exception <a 'java/io/FileNotFoundException'> (0x0000000795a2c9b8) thrown at [/Users/java_re/workspace/8-2-build-macosx-x86_64/jdk8u60/4241.nc/hotspot/src/share/vm/prims/jni.cpp, line 709]
Event: 0.319 Thread 0x00007fd2a9803800 Exception <a 'java/io/FileNotFoundException'> (0x0000000795a2d540) thrown at [/Users/java_re/workspace/8-2-build-macosx-x86_64/jdk8u60/4241.nc/hotspot/src/share/vm/prims/jni.cpp, line 709]
Event: 0.542 Thread 0x00007fd2a9803800 Exception <a 'java/lang/NoClassDefFoundError': net/java/games/input/ControllerEnvironment> (0x0000000795f082e8) thrown at [/Users/java_re/workspace/8-2-build-macosx-x86_64/jdk8u60/4241.nc/hotspot/src/share/vm/classfile/systemDictionary.cpp, line 199]

Events (10 events):
Event: 0.681 loading class java/util/DualPivotQuicksort done
Event: 3.567 Thread 0x00007fd2a9803800 DEOPT PACKING pc=0x0000000107b6ab6c sp=0x0000000107889450
Event: 3.567 Thread 0x00007fd2a9803800 DEOPT UNPACKING pc=0x00000001078d3633 sp=0x00000001078891f8 mode 0
Event: 4.024 Thread 0x00007fd2a9803800 Uncommon trap: trap_request=0xffffff65 fr.pc=0x0000000107bb53ec
Event: 4.024 Thread 0x00007fd2a9803800 DEOPT PACKING pc=0x0000000107bb53ec sp=0x0000000107889330
Event: 4.024 Thread 0x00007fd2a9803800 DEOPT UNPACKING pc=0x0000000107891229 sp=0x00000001078892f8 mode 2
Event: 4.104 Executing VM operation: EnableBiasedLocking
Event: 4.104 Executing VM operation: EnableBiasedLocking done
Event: 7.818 loading class org/lwjgl/opengl/CallbackUtil
Event: 7.818 loading class org/lwjgl/opengl/CallbackUtil done


Dynamic libraries:
0x0000000000724000 	/System/Library/Frameworks/Cocoa.framework/Versions/A/Cocoa
0x0000000000724000 	/System/Library/Frameworks/Security.framework/Versions/A/Security
0x0000000000724000 	/System/Library/Frameworks/ApplicationServices.framework/Versions/A/ApplicationServices
0x0000000000724000 	/usr/lib/libz.1.dylib
0x0000000000724000 	/usr/lib/libSystem.B.dylib
0x0000000000724000 	/usr/lib/libobjc.A.dylib
0x0000000000724000 	/System/Library/Frameworks/CoreFoundation.framework/Versions/A/CoreFoundation
0x0000000000724000 	/System/Library/Frameworks/Foundation.framework/Versions/C/Foundation
0x0000000000724000 	/System/Library/Frameworks/AppKit.framework/Versions/C/AppKit
0x0000000000724000 	/System/Library/Frameworks/CoreData.framework/Versions/A/CoreData
0x0000000000724000 	/System/Library/PrivateFrameworks/RemoteViewServices.framework/Versions/A/RemoteViewServices
0x0000000000724000 	/System/Library/PrivateFrameworks/UIFoundation.framework/Versions/A/UIFoundation
0x0000000000724000 	/System/Library/Frameworks/IOSurface.framework/Versions/A/IOSurface
0x0000000000724000 	/System/Library/Frameworks/AudioToolbox.framework/Versions/A/AudioToolbox
0x0000000000724000 	/System/Library/Frameworks/AudioUnit.framework/Versions/A/AudioUnit
0x0000000000724000 	/System/Library/PrivateFrameworks/DataDetectorsCore.framework/Versions/A/DataDetectorsCore
0x0000000000724000 	/System/Library/PrivateFrameworks/DesktopServicesPriv.framework/Versions/A/DesktopServicesPriv
0x0000000000724000 	/System/Library/Frameworks/Carbon.framework/Versions/A/Frameworks/HIToolbox.framework/Versions/A/HIToolbox
0x0000000000724000 	/System/Library/Frameworks/QuartzCore.framework/Versions/A/QuartzCore
0x0000000000724000 	/System/Library/Frameworks/Carbon.framework/Versions/A/Frameworks/SpeechRecognition.framework/Versions/A/SpeechRecognition
0x0000000000724000 	/usr/lib/libauto.dylib
0x0000000000724000 	/usr/lib/libicucore.A.dylib
0x0000000000724000 	/usr/lib/libxml2.2.dylib
0x0000000000724000 	/System/Library/PrivateFrameworks/CoreUI.framework/Versions/A/CoreUI
0x0000000000724000 	/System/Library/Frameworks/CoreAudio.framework/Versions/A/CoreAudio
0x0000000000724000 	/System/Library/Frameworks/DiskArbitration.framework/Versions/A/DiskArbitration
0x0000000000724000 	/usr/lib/liblangid.dylib
0x0000000000724000 	/System/Library/PrivateFrameworks/MultitouchSupport.framework/Versions/A/MultitouchSupport
0x0000000000724000 	/System/Library/Frameworks/IOKit.framework/Versions/A/IOKit
0x0000000000724000 	/usr/lib/libDiagnosticMessagesClient.dylib
0x0000000000724000 	/System/Library/Frameworks/CoreServices.framework/Versions/A/CoreServices
0x0000000000724000 	/System/Library/PrivateFrameworks/PerformanceAnalysis.framework/Versions/A/PerformanceAnalysis
0x0000000000724000 	/System/Library/PrivateFrameworks/GenerationalStorage.framework/Versions/A/GenerationalStorage
0x0000000000724000 	/System/Library/Frameworks/OpenGL.framework/Versions/A/OpenGL
0x0000000000724000 	/System/Library/PrivateFrameworks/Sharing.framework/Versions/A/Sharing
0x0000000000724000 	/System/Library/Frameworks/CoreGraphics.framework/Versions/A/CoreGraphics
0x0000000000724000 	/System/Library/Frameworks/CoreText.framework/Versions/A/CoreText
0x0000000000724000 	/System/Library/Frameworks/ImageIO.framework/Versions/A/ImageIO
0x0000000000724000 	/usr/lib/libextension.dylib
0x0000000000724000 	/System/Library/PrivateFrameworks/Backup.framework/Versions/A/Backup
0x0000000000724000 	/usr/lib/libarchive.2.dylib
0x0000000000724000 	/System/Library/Frameworks/CFNetwork.framework/Versions/A/CFNetwork
0x0000000000724000 	/System/Library/Frameworks/SystemConfiguration.framework/Versions/A/SystemConfiguration
0x0000000000724000 	/usr/lib/libCRFSuite.dylib
0x0000000000724000 	/usr/lib/libc++.1.dylib
0x0000000000724000 	/usr/lib/libc++abi.dylib
0x0000000000724000 	/usr/lib/system/libcache.dylib
0x0000000000724000 	/usr/lib/system/libcommonCrypto.dylib
0x0000000000724000 	/usr/lib/system/libcompiler_rt.dylib
0x0000000000724000 	/usr/lib/system/libcopyfile.dylib
0x0000000000724000 	/usr/lib/system/libcorecrypto.dylib
0x0000000000724000 	/usr/lib/system/libdispatch.dylib
0x0000000000724000 	/usr/lib/system/libdyld.dylib
0x0000000000724000 	/usr/lib/system/libkeymgr.dylib
0x0000000000724000 	/usr/lib/system/liblaunch.dylib
0x0000000000724000 	/usr/lib/system/libmacho.dylib
0x0000000000724000 	/usr/lib/system/libquarantine.dylib
0x0000000000724000 	/usr/lib/system/libremovefile.dylib
0x0000000000724000 	/usr/lib/system/libsystem_asl.dylib
0x0000000000724000 	/usr/lib/system/libsystem_blocks.dylib
0x0000000000724000 	/usr/lib/system/libsystem_c.dylib
0x0000000000724000 	/usr/lib/system/libsystem_configuration.dylib
0x0000000000724000 	/usr/lib/system/libsystem_coreservices.dylib
0x0000000000724000 	/usr/lib/system/libsystem_coretls.dylib
0x0000000000724000 	/usr/lib/system/libsystem_dnssd.dylib
0x0000000000724000 	/usr/lib/system/libsystem_info.dylib
0x0000000000724000 	/usr/lib/system/libsystem_kernel.dylib
0x0000000000724000 	/usr/lib/system/libsystem_m.dylib
0x0000000000724000 	/usr/lib/system/libsystem_malloc.dylib
0x0000000000724000 	/usr/lib/system/libsystem_network.dylib
0x0000000000724000 	/usr/lib/system/libsystem_networkextension.dylib
0x0000000000724000 	/usr/lib/system/libsystem_notify.dylib
0x0000000000724000 	/usr/lib/system/libsystem_platform.dylib
0x0000000000724000 	/usr/lib/system/libsystem_pthread.dylib
0x0000000000724000 	/usr/lib/system/libsystem_sandbox.dylib
0x0000000000724000 	/usr/lib/system/libsystem_secinit.dylib
0x0000000000724000 	/usr/lib/system/libsystem_stats.dylib
0x0000000000724000 	/usr/lib/system/libsystem_trace.dylib
0x0000000000724000 	/usr/lib/system/libunc.dylib
0x0000000000724000 	/usr/lib/system/libunwind.dylib
0x0000000000724000 	/usr/lib/system/libxpc.dylib
0x0000000000724000 	/usr/lib/libbz2.1.0.dylib
0x0000000000724000 	/usr/lib/liblzma.5.dylib
0x0000000000724000 	/usr/lib/libbsm.0.dylib
0x0000000000724000 	/usr/lib/libsqlite3.dylib
0x0000000000724000 	/usr/lib/system/libkxld.dylib
0x0000000000724000 	/usr/lib/libxar.1.dylib
0x0000000000724000 	/usr/lib/libpam.2.dylib
0x0000000000724000 	/usr/lib/libOpenScriptingUtil.dylib
0x0000000000724000 	/System/Library/Frameworks/CoreServices.framework/Versions/A/Frameworks/FSEvents.framework/Versions/A/FSEvents
0x0000000000724000 	/System/Library/Frameworks/CoreServices.framework/Versions/A/Frameworks/CarbonCore.framework/Versions/A/CarbonCore
0x0000000000724000 	/System/Library/Frameworks/CoreServices.framework/Versions/A/Frameworks/Metadata.framework/Versions/A/Metadata
0x0000000000724000 	/System/Library/Frameworks/CoreServices.framework/Versions/A/Frameworks/OSServices.framework/Versions/A/OSServices
0x0000000000724000 	/System/Library/Frameworks/CoreServices.framework/Versions/A/Frameworks/SearchKit.framework/Versions/A/SearchKit
0x0000000000724000 	/System/Library/Frameworks/CoreServices.framework/Versions/A/Frameworks/AE.framework/Versions/A/AE
0x0000000000724000 	/System/Library/Frameworks/CoreServices.framework/Versions/A/Frameworks/LaunchServices.framework/Versions/A/LaunchServices
0x0000000000724000 	/System/Library/Frameworks/CoreServices.framework/Versions/A/Frameworks/DictionaryServices.framework/Versions/A/DictionaryServices
0x0000000000724000 	/System/Library/Frameworks/NetFS.framework/Versions/A/NetFS
0x0000000000724000 	/System/Library/PrivateFrameworks/NetAuth.framework/Versions/A/NetAuth
0x0000000000724000 	/System/Library/PrivateFrameworks/login.framework/Versions/A/Frameworks/loginsupport.framework/Versions/A/loginsupport
0x0000000000724000 	/System/Library/PrivateFrameworks/TCC.framework/Versions/A/TCC
0x0000000000724000 	/usr/lib/libmecabra.dylib
0x0000000000724000 	/System/Library/Frameworks/ApplicationServices.framework/Versions/A/Frameworks/ATS.framework/Versions/A/ATS
0x0000000000724000 	/System/Library/Frameworks/ApplicationServices.framework/Versions/A/Frameworks/ColorSync.framework/Versions/A/ColorSync
0x0000000000724000 	/System/Library/Frameworks/ApplicationServices.framework/Versions/A/Frameworks/HIServices.framework/Versions/A/HIServices
0x0000000000724000 	/System/Library/Frameworks/ApplicationServices.framework/Versions/A/Frameworks/LangAnalysis.framework/Versions/A/LangAnalysis
0x0000000000724000 	/System/Library/Frameworks/ApplicationServices.framework/Versions/A/Frameworks/PrintCore.framework/Versions/A/PrintCore
0x0000000000724000 	/System/Library/Frameworks/ApplicationServices.framework/Versions/A/Frameworks/QD.framework/Versions/A/QD
0x0000000000724000 	/System/Library/Frameworks/ApplicationServices.framework/Versions/A/Frameworks/SpeechSynthesis.framework/Versions/A/SpeechSynthesis
0x0000000000724000 	/System/Library/Frameworks/Accelerate.framework/Versions/A/Accelerate
0x0000000000724000 	/System/Library/Frameworks/Accelerate.framework/Versions/A/Frameworks/vImage.framework/Versions/A/vImage
0x0000000000724000 	/System/Library/Frameworks/Accelerate.framework/Versions/A/Frameworks/vecLib.framework/Versions/A/vecLib
0x0000000000724000 	/System/Library/Frameworks/Accelerate.framework/Versions/A/Frameworks/vecLib.framework/Versions/A/libvDSP.dylib
0x0000000000724000 	/System/Library/Frameworks/Accelerate.framework/Versions/A/Frameworks/vecLib.framework/Versions/A/libvMisc.dylib
0x0000000000724000 	/System/Library/Frameworks/Accelerate.framework/Versions/A/Frameworks/vecLib.framework/Versions/A/libLAPACK.dylib
0x0000000000724000 	/System/Library/Frameworks/Accelerate.framework/Versions/A/Frameworks/vecLib.framework/Versions/A/libBLAS.dylib
0x0000000000724000 	/System/Library/Frameworks/Accelerate.framework/Versions/A/Frameworks/vecLib.framework/Versions/A/libLinearAlgebra.dylib
0x0000000000724000 	/System/Library/Frameworks/ApplicationServices.framework/Versions/A/Frameworks/ATS.framework/Versions/A/Resources/libFontParser.dylib
0x0000000000724000 	/System/Library/Frameworks/ApplicationServices.framework/Versions/A/Frameworks/ATS.framework/Versions/A/Resources/libFontRegistry.dylib
0x0000000000724000 	/System/Library/PrivateFrameworks/AppleVPA.framework/Versions/A/AppleVPA
0x0000000000724000 	/System/Library/PrivateFrameworks/AppleJPEG.framework/Versions/A/AppleJPEG
0x0000000000724000 	/System/Library/Frameworks/ImageIO.framework/Versions/A/Resources/libJPEG.dylib
0x0000000000724000 	/System/Library/Frameworks/ImageIO.framework/Versions/A/Resources/libTIFF.dylib
0x0000000000724000 	/System/Library/Frameworks/ImageIO.framework/Versions/A/Resources/libPng.dylib
0x0000000000724000 	/System/Library/Frameworks/ImageIO.framework/Versions/A/Resources/libGIF.dylib
0x0000000000724000 	/System/Library/Frameworks/ImageIO.framework/Versions/A/Resources/libJP2.dylib
0x0000000000724000 	/System/Library/Frameworks/ImageIO.framework/Versions/A/Resources/libRadiance.dylib
0x0000000000724000 	/System/Library/Frameworks/CoreVideo.framework/Versions/A/CoreVideo
0x0000000000724000 	/System/Library/Frameworks/OpenGL.framework/Versions/A/Libraries/libGLU.dylib
0x0000000000724000 	/System/Library/Frameworks/OpenGL.framework/Versions/A/Libraries/libGFXShared.dylib
0x0000000000724000 	/System/Library/Frameworks/OpenGL.framework/Versions/A/Libraries/libGL.dylib
0x0000000000724000 	/System/Library/Frameworks/OpenGL.framework/Versions/A/Libraries/libGLImage.dylib
0x0000000000724000 	/System/Library/Frameworks/OpenGL.framework/Versions/A/Libraries/libCVMSPluginSupport.dylib
0x0000000000724000 	/System/Library/Frameworks/OpenGL.framework/Versions/A/Libraries/libCoreVMClient.dylib
0x0000000000724000 	/usr/lib/libcups.2.dylib
0x0000000000724000 	/System/Library/Frameworks/Kerberos.framework/Versions/A/Kerberos
0x0000000000724000 	/System/Library/Frameworks/GSS.framework/Versions/A/GSS
0x0000000000724000 	/usr/lib/libresolv.9.dylib
0x0000000000724000 	/usr/lib/libiconv.2.dylib
0x0000000000724000 	/System/Library/PrivateFrameworks/Heimdal.framework/Versions/A/Heimdal
0x0000000000724000 	/usr/lib/libheimdal-asn1.dylib
0x0000000000724000 	/System/Library/Frameworks/OpenDirectory.framework/Versions/A/OpenDirectory
0x0000000000724000 	/System/Library/PrivateFrameworks/CommonAuth.framework/Versions/A/CommonAuth
0x0000000000724000 	/System/Library/Frameworks/OpenDirectory.framework/Versions/A/Frameworks/CFOpenDirectory.framework/Versions/A/CFOpenDirectory
0x0000000000724000 	/System/Library/Frameworks/SecurityFoundation.framework/Versions/A/SecurityFoundation
0x0000000000724000 	/System/Library/PrivateFrameworks/LanguageModeling.framework/Versions/A/LanguageModeling
0x0000000000724000 	/usr/lib/libcmph.dylib
0x0000000000724000 	/System/Library/Frameworks/ServiceManagement.framework/Versions/A/ServiceManagement
0x0000000000724000 	/usr/lib/libxslt.1.dylib
0x0000000000724000 	/System/Library/Frameworks/Carbon.framework/Versions/A/Frameworks/Ink.framework/Versions/A/Ink
0x0000000000724000 	/System/Library/Frameworks/QuartzCore.framework/Versions/A/Frameworks/CoreImage.framework/Versions/A/CoreImage
0x0000000000724000 	/System/Library/PrivateFrameworks/CrashReporterSupport.framework/Versions/A/CrashReporterSupport
0x0000000000724000 	/System/Library/Frameworks/OpenCL.framework/Versions/A/OpenCL
0x0000000000724000 	/System/Library/PrivateFrameworks/FaceCore.framework/Versions/A/FaceCore
0x0000000000724000 	/System/Library/PrivateFrameworks/Ubiquity.framework/Versions/A/Ubiquity
0x0000000000724000 	/System/Library/PrivateFrameworks/IconServices.framework/Versions/A/IconServices
0x0000000000724000 	/System/Library/PrivateFrameworks/ChunkingLibrary.framework/Versions/A/ChunkingLibrary
0x0000000000724000 	/System/Library/PrivateFrameworks/Apple80211.framework/Versions/A/Apple80211
0x0000000000724000 	/System/Library/Frameworks/CoreWLAN.framework/Versions/A/CoreWLAN
0x0000000000724000 	/System/Library/Frameworks/IOBluetooth.framework/Versions/A/IOBluetooth
0x0000000000724000 	/System/Library/PrivateFrameworks/CoreWiFi.framework/Versions/A/CoreWiFi
0x0000000000724000 	/System/Library/Frameworks/CoreBluetooth.framework/Versions/A/CoreBluetooth
0x0000000000724000 	/System/Library/PrivateFrameworks/DebugSymbols.framework/Versions/A/DebugSymbols
0x0000000000724000 	/System/Library/PrivateFrameworks/CoreSymbolication.framework/Versions/A/CoreSymbolication
0x0000000000724000 	/System/Library/PrivateFrameworks/Symbolication.framework/Versions/A/Symbolication
0x0000000000724000 	/System/Library/PrivateFrameworks/SpeechRecognitionCore.framework/Versions/A/SpeechRecognitionCore
0x0000000106800000 	/Library/Java/JavaVirtualMachines/jdk1.8.0_60.jdk/Contents/Home/jre/lib/server/libjvm.dylib
0x0000000000724000 	/usr/lib/libstdc++.6.dylib
0x0000000105f3e000 	/Library/Java/JavaVirtualMachines/jdk1.8.0_60.jdk/Contents/Home/jre/lib/libverify.dylib
0x0000000105f4c000 	/Library/Java/JavaVirtualMachines/jdk1.8.0_60.jdk/Contents/Home/jre/lib/libjava.dylib
0x0000000105f8b000 	/Library/Java/JavaVirtualMachines/jdk1.8.0_60.jdk/Contents/Home/jre/lib/libzip.dylib
0x0000000105fe5000 	/System/Library/Frameworks/JavaVM.framework/Frameworks/JavaRuntimeSupport.framework/JavaRuntimeSupport
0x000000011d8b1000 	/System/Library/Frameworks/JavaVM.framework/Versions/A/Frameworks/JavaNativeFoundation.framework/Versions/A/JavaNativeFoundation
0x000000011d8c6000 	/System/Library/Frameworks/JavaVM.framework/Versions/A/JavaVM
0x0000000000724000 	/System/Library/Frameworks/Carbon.framework/Versions/A/Carbon
0x000000011d8d3000 	/System/Library/PrivateFrameworks/JavaLaunching.framework/Versions/A/JavaLaunching
0x0000000000724000 	/System/Library/Frameworks/Carbon.framework/Versions/A/Frameworks/CommonPanels.framework/Versions/A/CommonPanels
0x0000000000724000 	/System/Library/Frameworks/Carbon.framework/Versions/A/Frameworks/Help.framework/Versions/A/Help
0x0000000000724000 	/System/Library/Frameworks/Carbon.framework/Versions/A/Frameworks/ImageCapture.framework/Versions/A/ImageCapture
0x0000000000724000 	/System/Library/Frameworks/Carbon.framework/Versions/A/Frameworks/OpenScripting.framework/Versions/A/OpenScripting
0x0000000000724000 	/System/Library/Frameworks/Carbon.framework/Versions/A/Frameworks/Print.framework/Versions/A/Print
0x0000000000724000 	/System/Library/Frameworks/Carbon.framework/Versions/A/Frameworks/SecurityHI.framework/Versions/A/SecurityHI
0x000000011f81f000 	/Library/Java/JavaVirtualMachines/jdk1.8.0_60.jdk/Contents/Home/jre/lib/libawt.dylib
0x000000011f8c7000 	/Library/Java/JavaVirtualMachines/jdk1.8.0_60.jdk/Contents/Home/jre/lib/./libmlib_image.dylib
0x000000011f993000 	/Library/Java/JavaVirtualMachines/jdk1.8.0_60.jdk/Contents/Home/jre/lib/libawt_lwawt.dylib
0x000000011fa48000 	/Library/Java/JavaVirtualMachines/jdk1.8.0_60.jdk/Contents/Home/jre/lib/./libosxapp.dylib
0x0000000000724000 	/System/Library/Frameworks/ExceptionHandling.framework/Versions/A/ExceptionHandling
0x0000000000724000 	/System/Library/PrivateFrameworks/CoreServicesInternal.framework/Versions/A/CoreServicesInternal
0x0000000000724000 	/System/Library/PrivateFrameworks/CloudDocs.framework/Versions/A/CloudDocs
0x0000000000724000 	/System/Library/PrivateFrameworks/CoreDuet.framework/Versions/A/CoreDuet
0x0000000000724000 	/System/Library/Frameworks/CloudKit.framework/Versions/A/CloudKit
0x0000000000724000 	/System/Library/PrivateFrameworks/ProtocolBuffer.framework/Versions/A/ProtocolBuffer
0x0000000000724000 	/System/Library/PrivateFrameworks/CoreDuetDaemonProtocol.framework/Versions/A/CoreDuetDaemonProtocol
0x0000000000724000 	/System/Library/PrivateFrameworks/CoreDuetDebugLogging.framework/Versions/A/CoreDuetDebugLogging
0x0000000000724000 	/System/Library/PrivateFrameworks/MMCS.framework/Versions/A/MMCS
0x0000000000724000 	/System/Library/Frameworks/CoreLocation.framework/Versions/A/CoreLocation
0x0000000000724000 	/System/Library/PrivateFrameworks/ProtectedCloudStorage.framework/Versions/A/ProtectedCloudStorage
0x0000000000724000 	/System/Library/PrivateFrameworks/GeoServices.framework/Versions/A/GeoServices
0x00000001211c8000 	/System/Library/Frameworks/CoreGraphics.framework/Versions/A/Resources/libCGCMS.A.dylib
0x0000000121cab000 	/System/Library/Frameworks/CoreGraphics.framework/Versions/A/Resources/libRIP.A.dylib
0x0000000121f24000 	/System/Library/Frameworks/CoreGraphics.framework/Versions/A/Resources/libCGXType.A.dylib
0x0000000000724000 	/System/Library/Frameworks/OpenCL.framework/Versions/A/Libraries/libcldcpuengine.dylib
0x0000000000724000 	/System/Library/PrivateFrameworks/DiskImages.framework/Versions/A/DiskImages
0x0000000000724000 	/System/Library/Frameworks/DiscRecording.framework/Versions/A/DiscRecording
0x0000000000724000 	/usr/lib/libcsfde.dylib
0x0000000000724000 	/usr/lib/libcurl.4.dylib
0x0000000000724000 	/System/Library/PrivateFrameworks/MediaKit.framework/Versions/A/MediaKit
0x0000000000724000 	/usr/lib/libCoreStorage.dylib
0x0000000000724000 	/System/Library/PrivateFrameworks/EFILogin.framework/Versions/A/EFILogin
0x0000000000724000 	/usr/lib/libutil.dylib
0x0000000000724000 	/System/Library/PrivateFrameworks/FindMyDevice.framework/Versions/A/FindMyDevice
0x0000000000724000 	/System/Library/Frameworks/LDAP.framework/Versions/A/LDAP
0x0000000000724000 	/usr/lib/libsasl2.2.dylib
0x0000000000724000 	/System/Library/PrivateFrameworks/CoreDaemon.framework/Versions/B/CoreDaemon
0x0000000000724000 	/usr/lib/libcrypto.0.9.8.dylib
0x0000000000724000 	/System/Library/PrivateFrameworks/AppleSRP.framework/Versions/A/AppleSRP
0x0000000000724000 	/System/Library/PrivateFrameworks/TrustEvaluationAgent.framework/Versions/A/TrustEvaluationAgent
0x0000000122995000 	cl_kernels
0x0000000122997000 	/System/Library/Frameworks/OpenCL.framework/Versions/A/Libraries/ImageFormats/unorm8_bgra.dylib
0x0000000122986000 	cl_kernels
0x0000000000724000 	/System/Library/PrivateFrameworks/FamilyControls.framework/Versions/A/FamilyControls
0x0000000000724000 	/System/Library/PrivateFrameworks/CommerceKit.framework/Versions/A/Frameworks/CommerceCore.framework/Versions/A/CommerceCore
0x0000000000724000 	/System/Library/PrivateFrameworks/SystemAdministration.framework/Versions/A/SystemAdministration
0x0000000000724000 	/System/Library/PrivateFrameworks/AppContainer.framework/Versions/A/AppContainer
0x0000000000724000 	/System/Library/PrivateFrameworks/SecCodeWrapper.framework/Versions/A/SecCodeWrapper
0x0000000000724000 	/System/Library/Frameworks/DirectoryService.framework/Versions/A/DirectoryService
0x0000000000724000 	/System/Library/PrivateFrameworks/LoginUIKit.framework/Versions/A/Frameworks/LoginUICore.framework/Versions/A/LoginUICore
0x0000000000724000 	/usr/lib/libodfde.dylib
0x0000000123b5d000 	/Library/Java/JavaVirtualMachines/jdk1.8.0_60.jdk/Contents/Home/jre/lib/libfontmanager.dylib
0x0000000123bc4000 	/Users/LawrenceKuoch/Desktop/Dropbox/2015_s2/Code/java/Projects/ProjectTwo/lib/liblwjgl.dylib
0x0000000121ebc000 	/Library/Java/JavaVirtualMachines/jdk1.8.0_60.jdk/Contents/Home/jre/lib/libjawt.dylib
0x0000000000724000 	/System/Library/Frameworks/OpenGL.framework/Versions/A/Resources/GLEngine.bundle/GLEngine
0x0000000000724000 	/System/Library/Frameworks/OpenGL.framework/Versions/A/Libraries/libGLProgrammability.dylib
0x0000000123c46000 	/System/Library/Extensions/AppleIntelHD5000GraphicsGLDriver.bundle/Contents/MacOS/AppleIntelHD5000GraphicsGLDriver
0x0000000000724000 	/System/Library/PrivateFrameworks/IOAccelerator.framework/Versions/A/IOAccelerator
0x0000000000724000 	/System/Library/PrivateFrameworks/GPUSupport.framework/Versions/A/Libraries/libGPUSupportMercury.dylib
0x0000000000724000 	/System/Library/Frameworks/OpenGL.framework/Versions/A/Resources/GLRendererFloat.bundle/GLRendererFloat

VM Arguments:
jvm_args: -Djava.library.path=/Users/LawrenceKuoch/Desktop/Dropbox/2015_s2/Code/java/Projects/ProjectTwo/lib:/Users/LawrenceKuoch/Desktop/Dropbox/2015_s2/Code/java/Projects/ProjectTwo/lib -Dfile.encoding=UTF-8 
java_command: Game
java_class_path (initial): /Users/LawrenceKuoch/Desktop/Dropbox/2015_s2/Code/java/Projects/ProjectTwo/bin:/Users/LawrenceKuoch/Desktop/Dropbox/2015_s2/Code/java/Projects/ProjectTwo/lib/slick.jar:/Users/LawrenceKuoch/Desktop/Dropbox/2015_s2/Code/java/Projects/ProjectTwo/lib/lwjgl.jar
Launcher Type: SUN_STANDARD

Environment Variables:
PATH=/usr/bin:/bin:/usr/sbin:/sbin
SHELL=/bin/bash
DISPLAY=/private/tmp/com.apple.launchd.P2RTz211ZR/org.macosforge.xquartz:0

Signal Handlers:
SIGSEGV: [libjvm.dylib+0x5a6bd1], sa_mask[0]=11111111011111110111111111111111, sa_flags=SA_ONSTACK|SA_RESTART|SA_SIGINFO
SIGBUS: [libjvm.dylib+0x5a6bd1], sa_mask[0]=11111111011111110111111111111111, sa_flags=SA_RESTART|SA_SIGINFO
SIGFPE: [libjvm.dylib+0x4808e8], sa_mask[0]=11111111011111110111111111111111, sa_flags=SA_RESTART|SA_SIGINFO
SIGPIPE: [libjvm.dylib+0x4808e8], sa_mask[0]=11111111011111110111111111111111, sa_flags=SA_RESTART|SA_SIGINFO
SIGXFSZ: [libjvm.dylib+0x4808e8], sa_mask[0]=11111111011111110111111111111111, sa_flags=SA_RESTART|SA_SIGINFO
SIGILL: [libjvm.dylib+0x4808e8], sa_mask[0]=11111111011111110111111111111111, sa_flags=SA_RESTART|SA_SIGINFO
SIGUSR1: SIG_DFL, sa_mask[0]=00000000000000000000000000000000, sa_flags=none
SIGUSR2: [libjvm.dylib+0x480406], sa_mask[0]=00100000000000000000000000000000, sa_flags=SA_RESTART|SA_SIGINFO
SIGHUP: [libjvm.dylib+0x47e9dd], sa_mask[0]=11111111011111110111111111111111, sa_flags=SA_RESTART|SA_SIGINFO
SIGINT: [libjvm.dylib+0x47e9dd], sa_mask[0]=11111111011111110111111111111111, sa_flags=SA_RESTART|SA_SIGINFO
SIGTERM: [libjvm.dylib+0x47e9dd], sa_mask[0]=11111111011111110111111111111111, sa_flags=SA_RESTART|SA_SIGINFO
SIGQUIT: [libjvm.dylib+0x47e9dd], sa_mask[0]=11111111011111110111111111111111, sa_flags=SA_RESTART|SA_SIGINFO


---------------  S Y S T E M  ---------------

OS:Bsduname:Darwin 14.5.0 Darwin Kernel Version 14.5.0: Wed Jul 29 02:26:53 PDT 2015; root:xnu-2782.40.9~1/RELEASE_X86_64 x86_64
rlimit: STACK 8192k, CORE 0k, NPROC 709, NOFILE 10240, AS infinity
load average:1.38 1.68 1.71

CPU:total 4 (2 cores per cpu, 2 threads per core) family 6 model 69 stepping 1, cmov, cx8, fxsr, mmx, sse, sse2, sse3, ssse3, sse4.1, sse4.2, popcnt, avx, avx2, aes, clmul, erms, rtm, lzcnt, ht, tsc, tscinvbit, bmi1, bmi2

Memory: 4k page, physical 8388608k(175336k free)

/proc/meminfo:


vm_info: Java HotSpot(TM) 64-Bit Server VM (25.60-b23) for bsd-amd64 JRE (1.8.0_60-ea-b24), built on Jul 14 2015 21:18:15 by "java_re" with gcc 4.2.1 (Based on Apple Inc. build 5658) (LLVM build 2336.11.00)

time: Thu Sep 24 21:23:26 2015
elapsed time: 7 seconds (0d 0h 0m 7s)

