#
# A fatal error has been detected by the Java Runtime Environment:
#
#  SIGSEGV (0xb) at pc=0x00007fff810bf0dd, pid=15186, tid=1811
#
# JRE version: Java(TM) SE Runtime Environment (8.0_60-b24) (build 1.8.0_60-ea-b24)
# Java VM: Java HotSpot(TM) 64-Bit Server VM (25.60-b23 mixed mode bsd-amd64 compressed oops)
# Problematic frame:
# C  [libobjc.A.dylib+0x10dd]  objc_msgSend+0x1d
#
# Failed to write core dump. Core dumps have been disabled. To enable core dumping, try "ulimit -c unlimited" before starting Java again
#
# If you would like to submit a bug report, please visit:
#   http://bugreport.java.com/bugreport/crash.jsp
# The crash happened outside the Java Virtual Machine in native code.
# See problematic frame for where to report the bug.
#

---------------  T H R E A D  ---------------

Current thread (0x00007fc422109000):  JavaThread "AppKit Thread" daemon [_thread_in_native, id=1811, stack(0x00007fff59724000,0x00007fff59f24000)]

siginfo: si_signo: 11 (SIGSEGV), si_code: 1 (SEGV_MAPERR), si_addr: 0x000007fc4214ae68

Registers:
RAX=0x0000000000000000, RBX=0x00007fc42140fe70, RCX=0x0000000000000000, RDX=0x00007fc42140fe70
RSP=0x00007fff59f1dcd8, RBP=0x00007fff59f1dd00, RSI=0x00007fff88b0437c, RDI=0x00007fc4214b1ef0
R8 =0x0000000000000001, R9 =0x0000000000000001, R10=0x00007fff88b0437c, R11=0x000007fc4214ae50
R12=0x0000000000000094, R13=0x00007fc421481d90, R14=0x00007fc4214b1ef0, R15=0x00007fff59f1e1f0
RIP=0x00007fff810bf0dd, EFLAGS=0x0000000000010206, ERR=0x0000000000000004
  TRAPNO=0x000000000000000e

Top of Stack: (sp=0x00007fff59f1dcd8)
0x00007fff59f1dcd8:   00000001e3d05598 00007fc42140fe70
0x00007fff59f1dce8:   00000001e3d39c60 00007fc421481d90
0x00007fff59f1dcf8:   00007fc42140fe70 00007fff59f1e1e0
0x00007fff59f1dd08:   00007fff881e4f45 0000000000000000
0x00007fff59f1dd18:   0000000000000000 4089000000000000
0x00007fff59f1dd28:   4082c00000000000 0000000000000000
0x00007fff59f1dd38:   0000000000000000 4089000000000000
0x00007fff59f1dd48:   4082c00000000000 4089000000000000
0x00007fff59f1dd58:   4083700000000000 401c000000000000
0x00007fff59f1dd68:   4082d80000000000 402c000000000000
0x00007fff59f1dd78:   4030000000000000 401c000000000000
0x00007fff59f1dd88:   0000000000000000 0000000000000000
0x00007fff59f1dd98:   4030000000000000 00007fff88ac7129
0x00007fff59f1dda8:   4008000000000000 00007fc421411c40
0x00007fff59f1ddb8:   0000000100000000 0000000000000000
0x00007fff59f1ddc8:   00007fc42154ddc0 00007fff59f1df20
0x00007fff59f1ddd8:   00007fff881e9b36 00007fff59f1df20
0x00007fff59f1dde8:   00007fff881ebe82 402c000000000000
0x00007fff59f1ddf8:   4030000000000000 401c000000000000
0x00007fff59f1de08:   4082d80000000000 402c000000000000
0x00007fff59f1de18:   4030000000000000 0000000000000000
0x00007fff59f1de28:   0000000000000000 4089000000000000
0x00007fff59f1de38:   4083700000000000 401c000000000000
0x00007fff59f1de48:   4082d80000000000 0000000105cfaa00
0x00007fff59f1de58:   00007fc4214a0540 00000000000000b0
0x00007fff59f1de68:   0000000000000000 0000000000000a04
0x00007fff59f1de78:   0000000105cf7000 00007fff59f1df20
0x00007fff59f1de88:   00007fff8da88e7f 00000000000009f8
0x00007fff59f1de98:   0000000105cf7000 00007fff59f1df40
0x00007fff59f1dea8:   0000000000000a05 00007fff59f1dfaf
0x00007fff59f1deb8:   0000000000100000 00007fc4214fc080
0x00007fff59f1dec8:   00007fc4214a0490 0000000000000005 

Instructions: (pc=0x00007fff810bf0dd)
0x00007fff810bf0bd:   00 00 00 48 85 ff 2e 74 7a 40 f6 c7 01 2e 75 7e
0x00007fff810bf0cd:   49 bb f8 ff ff ff ff 7f 00 00 4c 23 1f 49 89 f2
0x00007fff810bf0dd:   45 23 53 18 49 c1 e2 04 4d 03 53 10 49 3b 32 75
0x00007fff810bf0ed:   04 41 ff 62 08 49 83 3a 00 74 6a 4d 3b 53 10 74 

Register to memory mapping:

RAX=0x0000000000000000 is an unknown value
RBX=0x00007fc42140fe70 is an unknown value
RCX=0x0000000000000000 is an unknown value
RDX=0x00007fc42140fe70 is an unknown value
RSP=0x00007fff59f1dcd8 is pointing into the stack for thread: 0x00007fc422109000
RBP=0x00007fff59f1dd00 is pointing into the stack for thread: 0x00007fc422109000
RSI=0x00007fff88b0437c: -[NSTitlebarContainerView transparent]+0x5e270 in /System/Library/Frameworks/AppKit.framework/Versions/C/AppKit at 0x00007fff88103000
RDI=0x00007fc4214b1ef0 is an unknown value
R8 =0x0000000000000001 is an unknown value
R9 =0x0000000000000001 is an unknown value
R10=0x00007fff88b0437c: -[NSTitlebarContainerView transparent]+0x5e270 in /System/Library/Frameworks/AppKit.framework/Versions/C/AppKit at 0x00007fff88103000
R11=0x000007fc4214ae50 is an unknown value
R12=0x0000000000000094 is an unknown value
R13=0x00007fc421481d90 is an unknown value
R14=0x00007fc4214b1ef0 is an unknown value
R15=0x00007fff59f1e1f0 is pointing into the stack for thread: 0x00007fc422109000


Stack: [0x00007fff59724000,0x00007fff59f24000],  sp=0x00007fff59f1dcd8,  free space=8167k
Native frames: (J=compiled Java code, j=interpreted, Vv=VM code, C=native code)
C  [libobjc.A.dylib+0x10dd]  objc_msgSend+0x1d
C  [AppKit+0xe1f45]  -[NSView _recursiveDisplayRectIfNeededIgnoringOpacity:isVisibleRect:rectIsVisibleRectForView:topView:]+0x740
C  [AppKit+0xe2fa0]  -[NSView _recursiveDisplayRectIfNeededIgnoringOpacity:isVisibleRect:rectIsVisibleRectForView:topView:]+0x179b
C  [AppKit+0xe12f3]  -[NSThemeFrame _recursiveDisplayRectIfNeededIgnoringOpacity:isVisibleRect:rectIsVisibleRectForView:topView:]+0x14d
C  [AppKit+0xdd68b]  -[NSView _displayRectIgnoringOpacity:isVisibleRect:rectIsVisibleRectForView:]+0xac9
C  [AppKit+0x951ae]  -[NSView displayIfNeeded]+0x754
C  [AppKit+0x94a09]  -[NSWindow displayIfNeeded]+0xec
C  [AppKit+0x94672]  _handleWindowNeedsDisplayOrLayoutOrUpdateConstraints+0x3a8
C  [Foundation+0x4ba23]  __NSFireTimer+0x5f
C  [CoreFoundation+0xb72e4]  __CFRUNLOOP_IS_CALLING_OUT_TO_A_TIMER_CALLBACK_FUNCTION__+0x14
C  [CoreFoundation+0xb6f73]  __CFRunLoopDoTimer+0x423
C  [CoreFoundation+0x12a53d]  __CFRunLoopDoTimers+0x12d
C  [CoreFoundation+0x72608]  __CFRunLoopRun+0x7e8
C  [CoreFoundation+0x71bd8]  CFRunLoopRunSpecific+0x128
C  [HIToolbox+0x3256f]  RunCurrentEventLoopInMode+0xeb
C  [HIToolbox+0x322ea]  ReceiveNextEventCommon+0x1af
C  [HIToolbox+0x3212b]  _BlockUntilNextEventMatchingListInModeWithFilter+0x47
C  [AppKit+0x918ab]  _DPSNextEvent+0x3d2
C  [AppKit+0x90e58]  -[NSApplication nextEventMatchingMask:untilDate:inMode:dequeue:]+0x15a
C  [libosxapp.dylib+0x23aa]  -[NSApplicationAWT nextEventMatchingMask:untilDate:inMode:dequeue:]+0x7c
C  [AppKit+0x86af3]  -[NSApplication run]+0x252
C  [libosxapp.dylib+0x214d]  +[NSApplicationAWT runAWTLoopWithApp:]+0x9c
C  [libawt_lwawt.dylib+0x44547]  -[AWTStarter starter:]+0x389
C  [Foundation+0x92dd0]  __NSThreadPerformPerform+0x125
C  [CoreFoundation+0x80a01]  __CFRUNLOOP_IS_CALLING_OUT_TO_A_SOURCE0_PERFORM_FUNCTION__+0x11
C  [CoreFoundation+0x72b8d]  __CFRunLoopDoSources0+0x10d
C  [CoreFoundation+0x721bf]  __CFRunLoopRun+0x39f
C  [CoreFoundation+0x71bd8]  CFRunLoopRunSpecific+0x128
C  [java+0x6463]  CreateExecutionEnvironment+0x367
C  [java+0x21ac]  JLI_Launch+0x7a0
C  [java+0x84c0]  main+0x65
C  [java+0x1a04]  start+0x34
C  0x0000000000000006


---------------  P R O C E S S  ---------------

Java Threads: ( => current thread )
  0x00007fc421845000 JavaThread "AWT-Shutdown" [_thread_blocked, id=28179, stack(0x00000001e1311000,0x00000001e1411000)]
=>0x00007fc422109000 JavaThread "AppKit Thread" daemon [_thread_in_native, id=1811, stack(0x00007fff59724000,0x00007fff59f24000)]
  0x00007fc421816000 JavaThread "Service Thread" daemon [_thread_blocked, id=18179, stack(0x00000001df679000,0x00000001df779000)]
  0x00007fc421813000 JavaThread "C1 CompilerThread2" daemon [_thread_blocked, id=17667, stack(0x00000001df576000,0x00000001df676000)]
  0x00007fc421812800 JavaThread "C2 CompilerThread1" daemon [_thread_blocked, id=17155, stack(0x00000001df473000,0x00000001df573000)]
  0x00007fc422066000 JavaThread "C2 CompilerThread0" daemon [_thread_blocked, id=16643, stack(0x00000001df370000,0x00000001df470000)]
  0x00007fc422065800 JavaThread "Signal Dispatcher" daemon [_thread_blocked, id=13331, stack(0x00000001df26d000,0x00000001df36d000)]
  0x00007fc422030800 JavaThread "Finalizer" daemon [_thread_blocked, id=11523, stack(0x00000001dd860000,0x00000001dd960000)]
  0x00007fc42202f800 JavaThread "Reference Handler" daemon [_thread_blocked, id=11011, stack(0x00000001dd75d000,0x00000001dd85d000)]
  0x00007fc422800800 JavaThread "main" [_thread_in_native, id=4867, stack(0x000000010758a000,0x000000010768a000)]

Other Threads:
  0x00007fc42202d000 VMThread [stack: 0x00000001dd65a000,0x00000001dd75a000] [id=10499]
  0x00007fc421816800 WatcherThread [stack: 0x00000001df77c000,0x00000001df87c000] [id=18691]

VM state:not at safepoint (normal execution)

VM Mutex/Monitor currently owned by a thread: None

Heap:
 PSYoungGen      total 38400K, used 12376K [0x000000016c380000, 0x000000016ee00000, 0x0000000196e00000)
  eden space 33280K, 37% used [0x000000016c380000,0x000000016cf96118,0x000000016e400000)
  from space 5120K, 0% used [0x000000016e900000,0x000000016e900000,0x000000016ee00000)
  to   space 5120K, 0% used [0x000000016e400000,0x000000016e400000,0x000000016e900000)
 ParOldGen       total 87552K, used 0K [0x0000000116e00000, 0x000000011c380000, 0x000000016c380000)
  object space 87552K, 0% used [0x0000000116e00000,0x0000000116e00000,0x000000011c380000)
 Metaspace       used 8189K, capacity 8323K, committed 8576K, reserved 1056768K
  class space    used 835K, capacity 888K, committed 896K, reserved 1048576K

Card table byte_map: [0x0000000196e00000,0x0000000197201000] byte_map_base: 0x0000000196549000

Marking Bits: (ParMarkBitMap*) 0x0000000106eded80
 Begin Bits: [0x00000001977b5000, 0x00000001997b5000)
 End Bits:   [0x00000001997b5000, 0x000000019b7b5000)

Polling page: 0x00000001076c1000

CodeCache: size=245760Kb used=2897Kb max_used=2911Kb free=242862Kb
 bounds [0x00000001076d4000, 0x00000001079b4000, 0x00000001166d4000]
 total_blobs=1149 nmethods=743 adapters=320
 compilation: enabled

Compilation events (10 events):
Event: 2.189 Thread 0x00007fc421813000  740       3       org.lwjgl.opengl.MacOSXDisplay::pollKeyboard (27 bytes)
Event: 2.190 Thread 0x00007fc421813000 nmethod 740 0x00000001079a5e90 code [0x00000001079a6060, 0x00000001079a6898]
Event: 2.190 Thread 0x00007fc421813000  741  s    3       org.lwjgl.opengl.MacOSXNativeKeyboard::poll (25 bytes)
Event: 2.190 Thread 0x00007fc421813000 nmethod 741 0x00000001079a6bd0 code [0x00000001079a6d80, 0x00000001079a74c8]
Event: 2.190 Thread 0x00007fc421813000  742       3       java.nio.ByteBuffer::put (9 bytes)
Event: 2.190 Thread 0x00007fc421813000 nmethod 742 0x00000001079a76d0 code [0x00000001079a7840, 0x00000001079a7a68]
Event: 2.190 Thread 0x00007fc421813000  743       3       org.lwjgl.input.Keyboard::read (26 bytes)
Event: 2.191 Thread 0x00007fc421813000 nmethod 743 0x00000001079a7b10 code [0x00000001079a7ce0, 0x00000001079a84b8]
Event: 2.248 Thread 0x00007fc422066000  744   !   4       sun.misc.FloatingDecimal::readJavaFormatString (794 bytes)
Event: 2.266 Thread 0x00007fc422066000 nmethod 744 0x00000001079abf50 code [0x00000001079ac120, 0x00000001079acc78]

GC Heap History (0 events):
No events

Deoptimization events (3 events):
Event: 0.164 Thread 0x00007fc422800800 Uncommon trap: reason=unstable_if action=reinterpret pc=0x00000001078120c0 method=java.lang.String.indexOf(II)I @ 49
Event: 0.373 Thread 0x00007fc422800800 Uncommon trap: reason=unstable_if action=reinterpret pc=0x0000000107863edc method=java.lang.String.replace(CC)Ljava/lang/String; @ 26
Event: 0.638 Thread 0x00007fc422800800 Uncommon trap: reason=unstable_if action=reinterpret pc=0x00000001078fb85c method=com.sun.org.apache.xerces.internal.util.XMLChar.isContent(I)Z @ 14

Internal exceptions (10 events):
Event: 0.101 Thread 0x00007fc422800800 Exception <a 'java/security/PrivilegedActionException'> (0x000000016c585550) thrown at [/Users/java_re/workspace/8-2-build-macosx-x86_64/jdk8u60/4241.nc/hotspot/src/share/vm/prims/jvm.cpp, line 1386]
Event: 0.145 Thread 0x00007fc422800800 Exception <a 'java/security/PrivilegedActionException'> (0x000000016c6d1ff0) thrown at [/Users/java_re/workspace/8-2-build-macosx-x86_64/jdk8u60/4241.nc/hotspot/src/share/vm/prims/jvm.cpp, line 1386]
Event: 0.145 Thread 0x00007fc422800800 Exception <a 'java/security/PrivilegedActionException'> (0x000000016c6d2200) thrown at [/Users/java_re/workspace/8-2-build-macosx-x86_64/jdk8u60/4241.nc/hotspot/src/share/vm/prims/jvm.cpp, line 1386]
Event: 0.145 Thread 0x00007fc422800800 Exception <a 'java/security/PrivilegedActionException'> (0x000000016c6d5688) thrown at [/Users/java_re/workspace/8-2-build-macosx-x86_64/jdk8u60/4241.nc/hotspot/src/share/vm/prims/jvm.cpp, line 1386]
Event: 0.145 Thread 0x00007fc422800800 Exception <a 'java/security/PrivilegedActionException'> (0x000000016c6d5898) thrown at [/Users/java_re/workspace/8-2-build-macosx-x86_64/jdk8u60/4241.nc/hotspot/src/share/vm/prims/jvm.cpp, line 1386]
Event: 0.189 Thread 0x00007fc422800800 Exception <a 'java/lang/NoSuchFieldError': method resolution failed> (0x000000016c7a4060) thrown at [/Users/java_re/workspace/8-2-build-macosx-x86_64/jdk8u60/4241.nc/hotspot/src/share/vm/prims/methodHandles.cpp, line 1146]
Event: 0.190 Thread 0x00007fc422800800 Exception <a 'java/lang/NoSuchFieldError': method resolution failed> (0x000000016c7b17b0) thrown at [/Users/java_re/workspace/8-2-build-macosx-x86_64/jdk8u60/4241.nc/hotspot/src/share/vm/prims/methodHandles.cpp, line 1146]
Event: 0.353 Thread 0x00007fc422800800 Exception <a 'java/io/FileNotFoundException'> (0x000000016c82c900) thrown at [/Users/java_re/workspace/8-2-build-macosx-x86_64/jdk8u60/4241.nc/hotspot/src/share/vm/prims/jni.cpp, line 709]
Event: 0.353 Thread 0x00007fc422800800 Exception <a 'java/io/FileNotFoundException'> (0x000000016c82d488) thrown at [/Users/java_re/workspace/8-2-build-macosx-x86_64/jdk8u60/4241.nc/hotspot/src/share/vm/prims/jni.cpp, line 709]
Event: 0.604 Thread 0x00007fc422800800 Exception <a 'java/lang/NoClassDefFoundError': net/java/games/input/ControllerEnvironment> (0x000000016cd08488) thrown at [/Users/java_re/workspace/8-2-build-macosx-x86_64/jdk8u60/4241.nc/hotspot/src/share/vm/classfile/systemDictionary.cpp, line 199]

Events (10 events):
Event: 0.717 Executing VM operation: Deoptimize
Event: 0.717 Executing VM operation: Deoptimize done
Event: 0.717 loading class sun/misc/FloatingDecimal$PreparedASCIIToBinaryBuffer
Event: 0.717 loading class sun/misc/FloatingDecimal$ASCIIToBinaryConverter
Event: 0.717 loading class sun/misc/FloatingDecimal$ASCIIToBinaryConverter done
Event: 0.717 loading class sun/misc/FloatingDecimal$PreparedASCIIToBinaryBuffer done
Event: 0.717 loading class sun/misc/FloatingDecimal$ASCIIToBinaryBuffer
Event: 0.717 loading class sun/misc/FloatingDecimal$ASCIIToBinaryBuffer done
Event: 2.431 loading class org/lwjgl/opengl/CallbackUtil
Event: 2.431 loading class org/lwjgl/opengl/CallbackUtil done


Dynamic libraries:
0x0000000000724000 	/System/Library/Frameworks/Cocoa.framework/Versions/A/Cocoa
0x0000000000724000 	/System/Library/Frameworks/Security.framework/Versions/A/Security
0x0000000000724000 	/System/Library/Frameworks/ApplicationServices.framework/Versions/A/ApplicationServices
0x0000000000724000 	/usr/lib/libz.1.dylib
0x0000000000724000 	/usr/lib/libSystem.B.dylib
0x0000000000724000 	/usr/lib/libobjc.A.dylib
0x0000000000724000 	/System/Library/Frameworks/CoreFoundation.framework/Versions/A/CoreFoundation
0x0000000000724000 	/System/Library/Frameworks/Foundation.framework/Versions/C/Foundation
0x0000000000724000 	/System/Library/Frameworks/AppKit.framework/Versions/C/AppKit
0x0000000000724000 	/System/Library/Frameworks/CoreData.framework/Versions/A/CoreData
0x0000000000724000 	/System/Library/PrivateFrameworks/RemoteViewServices.framework/Versions/A/RemoteViewServices
0x0000000000724000 	/System/Library/PrivateFrameworks/UIFoundation.framework/Versions/A/UIFoundation
0x0000000000724000 	/System/Library/Frameworks/IOSurface.framework/Versions/A/IOSurface
0x0000000000724000 	/System/Library/Frameworks/AudioToolbox.framework/Versions/A/AudioToolbox
0x0000000000724000 	/System/Library/Frameworks/AudioUnit.framework/Versions/A/AudioUnit
0x0000000000724000 	/System/Library/PrivateFrameworks/DataDetectorsCore.framework/Versions/A/DataDetectorsCore
0x0000000000724000 	/System/Library/PrivateFrameworks/DesktopServicesPriv.framework/Versions/A/DesktopServicesPriv
0x0000000000724000 	/System/Library/Frameworks/Carbon.framework/Versions/A/Frameworks/HIToolbox.framework/Versions/A/HIToolbox
0x0000000000724000 	/System/Library/Frameworks/QuartzCore.framework/Versions/A/QuartzCore
0x0000000000724000 	/System/Library/Frameworks/Carbon.framework/Versions/A/Frameworks/SpeechRecognition.framework/Versions/A/SpeechRecognition
0x0000000000724000 	/usr/lib/libauto.dylib
0x0000000000724000 	/usr/lib/libicucore.A.dylib
0x0000000000724000 	/usr/lib/libxml2.2.dylib
0x0000000000724000 	/System/Library/PrivateFrameworks/CoreUI.framework/Versions/A/CoreUI
0x0000000000724000 	/System/Library/Frameworks/CoreAudio.framework/Versions/A/CoreAudio
0x0000000000724000 	/System/Library/Frameworks/DiskArbitration.framework/Versions/A/DiskArbitration
0x0000000000724000 	/usr/lib/liblangid.dylib
0x0000000000724000 	/System/Library/PrivateFrameworks/MultitouchSupport.framework/Versions/A/MultitouchSupport
0x0000000000724000 	/System/Library/Frameworks/IOKit.framework/Versions/A/IOKit
0x0000000000724000 	/usr/lib/libDiagnosticMessagesClient.dylib
0x0000000000724000 	/System/Library/Frameworks/CoreServices.framework/Versions/A/CoreServices
0x0000000000724000 	/System/Library/PrivateFrameworks/PerformanceAnalysis.framework/Versions/A/PerformanceAnalysis
0x0000000000724000 	/System/Library/PrivateFrameworks/GenerationalStorage.framework/Versions/A/GenerationalStorage
0x0000000000724000 	/System/Library/Frameworks/OpenGL.framework/Versions/A/OpenGL
0x0000000000724000 	/System/Library/PrivateFrameworks/Sharing.framework/Versions/A/Sharing
0x0000000000724000 	/System/Library/Frameworks/CoreGraphics.framework/Versions/A/CoreGraphics
0x0000000000724000 	/System/Library/Frameworks/CoreText.framework/Versions/A/CoreText
0x0000000000724000 	/System/Library/Frameworks/ImageIO.framework/Versions/A/ImageIO
0x0000000000724000 	/usr/lib/libextension.dylib
0x0000000000724000 	/System/Library/PrivateFrameworks/Backup.framework/Versions/A/Backup
0x0000000000724000 	/usr/lib/libarchive.2.dylib
0x0000000000724000 	/System/Library/Frameworks/CFNetwork.framework/Versions/A/CFNetwork
0x0000000000724000 	/System/Library/Frameworks/SystemConfiguration.framework/Versions/A/SystemConfiguration
0x0000000000724000 	/usr/lib/libCRFSuite.dylib
0x0000000000724000 	/usr/lib/libc++.1.dylib
0x0000000000724000 	/usr/lib/libc++abi.dylib
0x0000000000724000 	/usr/lib/system/libcache.dylib
0x0000000000724000 	/usr/lib/system/libcommonCrypto.dylib
0x0000000000724000 	/usr/lib/system/libcompiler_rt.dylib
0x0000000000724000 	/usr/lib/system/libcopyfile.dylib
0x0000000000724000 	/usr/lib/system/libcorecrypto.dylib
0x0000000000724000 	/usr/lib/system/libdispatch.dylib
0x0000000000724000 	/usr/lib/system/libdyld.dylib
0x0000000000724000 	/usr/lib/system/libkeymgr.dylib
0x0000000000724000 	/usr/lib/system/liblaunch.dylib
0x0000000000724000 	/usr/lib/system/libmacho.dylib
0x0000000000724000 	/usr/lib/system/libquarantine.dylib
0x0000000000724000 	/usr/lib/system/libremovefile.dylib
0x0000000000724000 	/usr/lib/system/libsystem_asl.dylib
0x0000000000724000 	/usr/lib/system/libsystem_blocks.dylib
0x0000000000724000 	/usr/lib/system/libsystem_c.dylib
0x0000000000724000 	/usr/lib/system/libsystem_configuration.dylib
0x0000000000724000 	/usr/lib/system/libsystem_coreservices.dylib
0x0000000000724000 	/usr/lib/system/libsystem_coretls.dylib
0x0000000000724000 	/usr/lib/system/libsystem_dnssd.dylib
0x0000000000724000 	/usr/lib/system/libsystem_info.dylib
0x0000000000724000 	/usr/lib/system/libsystem_kernel.dylib
0x0000000000724000 	/usr/lib/system/libsystem_m.dylib
0x0000000000724000 	/usr/lib/system/libsystem_malloc.dylib
0x0000000000724000 	/usr/lib/system/libsystem_network.dylib
0x0000000000724000 	/usr/lib/system/libsystem_networkextension.dylib
0x0000000000724000 	/usr/lib/system/libsystem_notify.dylib
0x0000000000724000 	/usr/lib/system/libsystem_platform.dylib
0x0000000000724000 	/usr/lib/system/libsystem_pthread.dylib
0x0000000000724000 	/usr/lib/system/libsystem_sandbox.dylib
0x0000000000724000 	/usr/lib/system/libsystem_secinit.dylib
0x0000000000724000 	/usr/lib/system/libsystem_stats.dylib
0x0000000000724000 	/usr/lib/system/libsystem_trace.dylib
0x0000000000724000 	/usr/lib/system/libunc.dylib
0x0000000000724000 	/usr/lib/system/libunwind.dylib
0x0000000000724000 	/usr/lib/system/libxpc.dylib
0x0000000000724000 	/usr/lib/libbz2.1.0.dylib
0x0000000000724000 	/usr/lib/liblzma.5.dylib
0x0000000000724000 	/usr/lib/libbsm.0.dylib
0x0000000000724000 	/usr/lib/libsqlite3.dylib
0x0000000000724000 	/usr/lib/system/libkxld.dylib
0x0000000000724000 	/usr/lib/libxar.1.dylib
0x0000000000724000 	/usr/lib/libpam.2.dylib
0x0000000000724000 	/usr/lib/libOpenScriptingUtil.dylib
0x0000000000724000 	/System/Library/Frameworks/CoreServices.framework/Versions/A/Frameworks/FSEvents.framework/Versions/A/FSEvents
0x0000000000724000 	/System/Library/Frameworks/CoreServices.framework/Versions/A/Frameworks/CarbonCore.framework/Versions/A/CarbonCore
0x0000000000724000 	/System/Library/Frameworks/CoreServices.framework/Versions/A/Frameworks/Metadata.framework/Versions/A/Metadata
0x0000000000724000 	/System/Library/Frameworks/CoreServices.framework/Versions/A/Frameworks/OSServices.framework/Versions/A/OSServices
0x0000000000724000 	/System/Library/Frameworks/CoreServices.framework/Versions/A/Frameworks/SearchKit.framework/Versions/A/SearchKit
0x0000000000724000 	/System/Library/Frameworks/CoreServices.framework/Versions/A/Frameworks/AE.framework/Versions/A/AE
0x0000000000724000 	/System/Library/Frameworks/CoreServices.framework/Versions/A/Frameworks/LaunchServices.framework/Versions/A/LaunchServices
0x0000000000724000 	/System/Library/Frameworks/CoreServices.framework/Versions/A/Frameworks/DictionaryServices.framework/Versions/A/DictionaryServices
0x0000000000724000 	/System/Library/Frameworks/NetFS.framework/Versions/A/NetFS
0x0000000000724000 	/System/Library/PrivateFrameworks/NetAuth.framework/Versions/A/NetAuth
0x0000000000724000 	/System/Library/PrivateFrameworks/login.framework/Versions/A/Frameworks/loginsupport.framework/Versions/A/loginsupport
0x0000000000724000 	/System/Library/PrivateFrameworks/TCC.framework/Versions/A/TCC
0x0000000000724000 	/usr/lib/libmecabra.dylib
0x0000000000724000 	/System/Library/Frameworks/ApplicationServices.framework/Versions/A/Frameworks/ATS.framework/Versions/A/ATS
0x0000000000724000 	/System/Library/Frameworks/ApplicationServices.framework/Versions/A/Frameworks/ColorSync.framework/Versions/A/ColorSync
0x0000000000724000 	/System/Library/Frameworks/ApplicationServices.framework/Versions/A/Frameworks/HIServices.framework/Versions/A/HIServices
0x0000000000724000 	/System/Library/Frameworks/ApplicationServices.framework/Versions/A/Frameworks/LangAnalysis.framework/Versions/A/LangAnalysis
0x0000000000724000 	/System/Library/Frameworks/ApplicationServices.framework/Versions/A/Frameworks/PrintCore.framework/Versions/A/PrintCore
0x0000000000724000 	/System/Library/Frameworks/ApplicationServices.framework/Versions/A/Frameworks/QD.framework/Versions/A/QD
0x0000000000724000 	/System/Library/Frameworks/ApplicationServices.framework/Versions/A/Frameworks/SpeechSynthesis.framework/Versions/A/SpeechSynthesis
0x0000000000724000 	/System/Library/Frameworks/Accelerate.framework/Versions/A/Accelerate
0x0000000000724000 	/System/Library/Frameworks/Accelerate.framework/Versions/A/Frameworks/vImage.framework/Versions/A/vImage
0x0000000000724000 	/System/Library/Frameworks/Accelerate.framework/Versions/A/Frameworks/vecLib.framework/Versions/A/vecLib
0x0000000000724000 	/System/Library/Frameworks/Accelerate.framework/Versions/A/Frameworks/vecLib.framework/Versions/A/libvDSP.dylib
0x0000000000724000 	/System/Library/Frameworks/Accelerate.framework/Versions/A/Frameworks/vecLib.framework/Versions/A/libvMisc.dylib
0x0000000000724000 	/System/Library/Frameworks/Accelerate.framework/Versions/A/Frameworks/vecLib.framework/Versions/A/libLAPACK.dylib
0x0000000000724000 	/System/Library/Frameworks/Accelerate.framework/Versions/A/Frameworks/vecLib.framework/Versions/A/libBLAS.dylib
0x0000000000724000 	/System/Library/Frameworks/Accelerate.framework/Versions/A/Frameworks/vecLib.framework/Versions/A/libLinearAlgebra.dylib
0x0000000000724000 	/System/Library/Frameworks/ApplicationServices.framework/Versions/A/Frameworks/ATS.framework/Versions/A/Resources/libFontParser.dylib
0x0000000000724000 	/System/Library/Frameworks/ApplicationServices.framework/Versions/A/Frameworks/ATS.framework/Versions/A/Resources/libFontRegistry.dylib
0x0000000000724000 	/System/Library/PrivateFrameworks/AppleVPA.framework/Versions/A/AppleVPA
0x0000000000724000 	/System/Library/PrivateFrameworks/AppleJPEG.framework/Versions/A/AppleJPEG
0x0000000000724000 	/System/Library/Frameworks/ImageIO.framework/Versions/A/Resources/libJPEG.dylib
0x0000000000724000 	/System/Library/Frameworks/ImageIO.framework/Versions/A/Resources/libTIFF.dylib
0x0000000000724000 	/System/Library/Frameworks/ImageIO.framework/Versions/A/Resources/libPng.dylib
0x0000000000724000 	/System/Library/Frameworks/ImageIO.framework/Versions/A/Resources/libGIF.dylib
0x0000000000724000 	/System/Library/Frameworks/ImageIO.framework/Versions/A/Resources/libJP2.dylib
0x0000000000724000 	/System/Library/Frameworks/ImageIO.framework/Versions/A/Resources/libRadiance.dylib
0x0000000000724000 	/System/Library/Frameworks/CoreVideo.framework/Versions/A/CoreVideo
0x0000000000724000 	/System/Library/Frameworks/OpenGL.framework/Versions/A/Libraries/libGLU.dylib
0x0000000000724000 	/System/Library/Frameworks/OpenGL.framework/Versions/A/Libraries/libGFXShared.dylib
0x0000000000724000 	/System/Library/Frameworks/OpenGL.framework/Versions/A/Libraries/libGL.dylib
0x0000000000724000 	/System/Library/Frameworks/OpenGL.framework/Versions/A/Libraries/libGLImage.dylib
0x0000000000724000 	/System/Library/Frameworks/OpenGL.framework/Versions/A/Libraries/libCVMSPluginSupport.dylib
0x0000000000724000 	/System/Library/Frameworks/OpenGL.framework/Versions/A/Libraries/libCoreVMClient.dylib
0x0000000000724000 	/usr/lib/libcups.2.dylib
0x0000000000724000 	/System/Library/Frameworks/Kerberos.framework/Versions/A/Kerberos
0x0000000000724000 	/System/Library/Frameworks/GSS.framework/Versions/A/GSS
0x0000000000724000 	/usr/lib/libresolv.9.dylib
0x0000000000724000 	/usr/lib/libiconv.2.dylib
0x0000000000724000 	/System/Library/PrivateFrameworks/Heimdal.framework/Versions/A/Heimdal
0x0000000000724000 	/usr/lib/libheimdal-asn1.dylib
0x0000000000724000 	/System/Library/Frameworks/OpenDirectory.framework/Versions/A/OpenDirectory
0x0000000000724000 	/System/Library/PrivateFrameworks/CommonAuth.framework/Versions/A/CommonAuth
0x0000000000724000 	/System/Library/Frameworks/OpenDirectory.framework/Versions/A/Frameworks/CFOpenDirectory.framework/Versions/A/CFOpenDirectory
0x0000000000724000 	/System/Library/Frameworks/SecurityFoundation.framework/Versions/A/SecurityFoundation
0x0000000000724000 	/System/Library/PrivateFrameworks/LanguageModeling.framework/Versions/A/LanguageModeling
0x0000000000724000 	/usr/lib/libcmph.dylib
0x0000000000724000 	/System/Library/Frameworks/ServiceManagement.framework/Versions/A/ServiceManagement
0x0000000000724000 	/usr/lib/libxslt.1.dylib
0x0000000000724000 	/System/Library/Frameworks/Carbon.framework/Versions/A/Frameworks/Ink.framework/Versions/A/Ink
0x0000000000724000 	/System/Library/Frameworks/QuartzCore.framework/Versions/A/Frameworks/CoreImage.framework/Versions/A/CoreImage
0x0000000000724000 	/System/Library/PrivateFrameworks/CrashReporterSupport.framework/Versions/A/CrashReporterSupport
0x0000000000724000 	/System/Library/Frameworks/OpenCL.framework/Versions/A/OpenCL
0x0000000000724000 	/System/Library/PrivateFrameworks/FaceCore.framework/Versions/A/FaceCore
0x0000000000724000 	/System/Library/PrivateFrameworks/Ubiquity.framework/Versions/A/Ubiquity
0x0000000000724000 	/System/Library/PrivateFrameworks/IconServices.framework/Versions/A/IconServices
0x0000000000724000 	/System/Library/PrivateFrameworks/ChunkingLibrary.framework/Versions/A/ChunkingLibrary
0x0000000000724000 	/System/Library/PrivateFrameworks/Apple80211.framework/Versions/A/Apple80211
0x0000000000724000 	/System/Library/Frameworks/CoreWLAN.framework/Versions/A/CoreWLAN
0x0000000000724000 	/System/Library/Frameworks/IOBluetooth.framework/Versions/A/IOBluetooth
0x0000000000724000 	/System/Library/PrivateFrameworks/CoreWiFi.framework/Versions/A/CoreWiFi
0x0000000000724000 	/System/Library/Frameworks/CoreBluetooth.framework/Versions/A/CoreBluetooth
0x0000000000724000 	/System/Library/PrivateFrameworks/DebugSymbols.framework/Versions/A/DebugSymbols
0x0000000000724000 	/System/Library/PrivateFrameworks/CoreSymbolication.framework/Versions/A/CoreSymbolication
0x0000000000724000 	/System/Library/PrivateFrameworks/Symbolication.framework/Versions/A/Symbolication
0x0000000000724000 	/System/Library/PrivateFrameworks/SpeechRecognitionCore.framework/Versions/A/SpeechRecognitionCore
0x0000000106600000 	/Library/Java/JavaVirtualMachines/jdk1.8.0_60.jdk/Contents/Home/jre/lib/server/libjvm.dylib
0x0000000000724000 	/usr/lib/libstdc++.6.dylib
0x0000000105df2000 	/Library/Java/JavaVirtualMachines/jdk1.8.0_60.jdk/Contents/Home/jre/lib/libverify.dylib
0x000000010768c000 	/Library/Java/JavaVirtualMachines/jdk1.8.0_60.jdk/Contents/Home/jre/lib/libjava.dylib
0x00000001076cb000 	/Library/Java/JavaVirtualMachines/jdk1.8.0_60.jdk/Contents/Home/jre/lib/libzip.dylib
0x0000000116be8000 	/System/Library/Frameworks/JavaVM.framework/Frameworks/JavaRuntimeSupport.framework/JavaRuntimeSupport
0x00000001dd962000 	/System/Library/Frameworks/JavaVM.framework/Versions/A/Frameworks/JavaNativeFoundation.framework/Versions/A/JavaNativeFoundation
0x00000001dd977000 	/System/Library/Frameworks/JavaVM.framework/Versions/A/JavaVM
0x0000000000724000 	/System/Library/Frameworks/Carbon.framework/Versions/A/Carbon
0x00000001dd984000 	/System/Library/PrivateFrameworks/JavaLaunching.framework/Versions/A/JavaLaunching
0x0000000000724000 	/System/Library/Frameworks/Carbon.framework/Versions/A/Frameworks/CommonPanels.framework/Versions/A/CommonPanels
0x0000000000724000 	/System/Library/Frameworks/Carbon.framework/Versions/A/Frameworks/Help.framework/Versions/A/Help
0x0000000000724000 	/System/Library/Frameworks/Carbon.framework/Versions/A/Frameworks/ImageCapture.framework/Versions/A/ImageCapture
0x0000000000724000 	/System/Library/Frameworks/Carbon.framework/Versions/A/Frameworks/OpenScripting.framework/Versions/A/OpenScripting
0x0000000000724000 	/System/Library/Frameworks/Carbon.framework/Versions/A/Frameworks/Print.framework/Versions/A/Print
0x0000000000724000 	/System/Library/Frameworks/Carbon.framework/Versions/A/Frameworks/SecurityHI.framework/Versions/A/SecurityHI
0x00000001df8d3000 	/Library/Java/JavaVirtualMachines/jdk1.8.0_60.jdk/Contents/Home/jre/lib/libawt.dylib
0x00000001df97b000 	/Library/Java/JavaVirtualMachines/jdk1.8.0_60.jdk/Contents/Home/jre/lib/./libmlib_image.dylib
0x00000001dfa47000 	/Library/Java/JavaVirtualMachines/jdk1.8.0_60.jdk/Contents/Home/jre/lib/libawt_lwawt.dylib
0x00000001dfafc000 	/Library/Java/JavaVirtualMachines/jdk1.8.0_60.jdk/Contents/Home/jre/lib/./libosxapp.dylib
0x0000000000724000 	/System/Library/Frameworks/ExceptionHandling.framework/Versions/A/ExceptionHandling
0x0000000000724000 	/System/Library/PrivateFrameworks/CoreServicesInternal.framework/Versions/A/CoreServicesInternal
0x0000000000724000 	/System/Library/PrivateFrameworks/CloudDocs.framework/Versions/A/CloudDocs
0x0000000000724000 	/System/Library/PrivateFrameworks/CoreDuet.framework/Versions/A/CoreDuet
0x0000000000724000 	/System/Library/Frameworks/CloudKit.framework/Versions/A/CloudKit
0x0000000000724000 	/System/Library/PrivateFrameworks/ProtocolBuffer.framework/Versions/A/ProtocolBuffer
0x0000000000724000 	/System/Library/PrivateFrameworks/CoreDuetDaemonProtocol.framework/Versions/A/CoreDuetDaemonProtocol
0x0000000000724000 	/System/Library/PrivateFrameworks/CoreDuetDebugLogging.framework/Versions/A/CoreDuetDebugLogging
0x0000000000724000 	/System/Library/PrivateFrameworks/MMCS.framework/Versions/A/MMCS
0x0000000000724000 	/System/Library/Frameworks/CoreLocation.framework/Versions/A/CoreLocation
0x0000000000724000 	/System/Library/PrivateFrameworks/ProtectedCloudStorage.framework/Versions/A/ProtectedCloudStorage
0x0000000000724000 	/System/Library/PrivateFrameworks/GeoServices.framework/Versions/A/GeoServices
0x00000001e1301000 	/System/Library/Frameworks/CoreGraphics.framework/Versions/A/Resources/libCGCMS.A.dylib
0x00000001e1de4000 	/System/Library/Frameworks/CoreGraphics.framework/Versions/A/Resources/libRIP.A.dylib
0x00000001e205c000 	/System/Library/Frameworks/CoreGraphics.framework/Versions/A/Resources/libCGXType.A.dylib
0x0000000000724000 	/System/Library/Frameworks/OpenCL.framework/Versions/A/Libraries/libcldcpuengine.dylib
0x0000000000724000 	/System/Library/PrivateFrameworks/DiskImages.framework/Versions/A/DiskImages
0x0000000000724000 	/System/Library/Frameworks/DiscRecording.framework/Versions/A/DiscRecording
0x0000000000724000 	/usr/lib/libcsfde.dylib
0x0000000000724000 	/usr/lib/libcurl.4.dylib
0x0000000000724000 	/System/Library/PrivateFrameworks/MediaKit.framework/Versions/A/MediaKit
0x0000000000724000 	/usr/lib/libCoreStorage.dylib
0x0000000000724000 	/System/Library/PrivateFrameworks/EFILogin.framework/Versions/A/EFILogin
0x0000000000724000 	/usr/lib/libutil.dylib
0x0000000000724000 	/System/Library/PrivateFrameworks/FindMyDevice.framework/Versions/A/FindMyDevice
0x0000000000724000 	/System/Library/Frameworks/LDAP.framework/Versions/A/LDAP
0x0000000000724000 	/usr/lib/libsasl2.2.dylib
0x0000000000724000 	/System/Library/PrivateFrameworks/CoreDaemon.framework/Versions/B/CoreDaemon
0x0000000000724000 	/usr/lib/libcrypto.0.9.8.dylib
0x0000000000724000 	/System/Library/PrivateFrameworks/AppleSRP.framework/Versions/A/AppleSRP
0x0000000000724000 	/System/Library/PrivateFrameworks/TrustEvaluationAgent.framework/Versions/A/TrustEvaluationAgent
0x00000001e2acc000 	cl_kernels
0x00000001e2ace000 	/System/Library/Frameworks/OpenCL.framework/Versions/A/Libraries/ImageFormats/unorm8_bgra.dylib
0x00000001e2abd000 	cl_kernels
0x0000000000724000 	/System/Library/PrivateFrameworks/FamilyControls.framework/Versions/A/FamilyControls
0x0000000000724000 	/System/Library/PrivateFrameworks/CommerceKit.framework/Versions/A/Frameworks/CommerceCore.framework/Versions/A/CommerceCore
0x0000000000724000 	/System/Library/PrivateFrameworks/SystemAdministration.framework/Versions/A/SystemAdministration
0x0000000000724000 	/System/Library/PrivateFrameworks/AppContainer.framework/Versions/A/AppContainer
0x0000000000724000 	/System/Library/PrivateFrameworks/SecCodeWrapper.framework/Versions/A/SecCodeWrapper
0x0000000000724000 	/System/Library/Frameworks/DirectoryService.framework/Versions/A/DirectoryService
0x0000000000724000 	/System/Library/PrivateFrameworks/LoginUIKit.framework/Versions/A/Frameworks/LoginUICore.framework/Versions/A/LoginUICore
0x0000000000724000 	/usr/lib/libodfde.dylib
0x00000001e3c94000 	/Library/Java/JavaVirtualMachines/jdk1.8.0_60.jdk/Contents/Home/jre/lib/libfontmanager.dylib
0x00000001e3cfb000 	/Users/LawrenceKuoch/Desktop/Dropbox/2015_s2/Code/java/Projects/ProjectTwo/lib/liblwjgl.dylib
0x00000001e1ff5000 	/Library/Java/JavaVirtualMachines/jdk1.8.0_60.jdk/Contents/Home/jre/lib/libjawt.dylib
0x0000000000724000 	/System/Library/Frameworks/OpenGL.framework/Versions/A/Resources/GLEngine.bundle/GLEngine
0x0000000000724000 	/System/Library/Frameworks/OpenGL.framework/Versions/A/Libraries/libGLProgrammability.dylib
0x00000001e3d7d000 	/System/Library/Extensions/AppleIntelHD5000GraphicsGLDriver.bundle/Contents/MacOS/AppleIntelHD5000GraphicsGLDriver
0x0000000000724000 	/System/Library/PrivateFrameworks/IOAccelerator.framework/Versions/A/IOAccelerator
0x0000000000724000 	/System/Library/PrivateFrameworks/GPUSupport.framework/Versions/A/Libraries/libGPUSupportMercury.dylib
0x0000000000724000 	/System/Library/Frameworks/OpenGL.framework/Versions/A/Resources/GLRendererFloat.bundle/GLRendererFloat

VM Arguments:
jvm_args: -Djava.library.path=/Users/LawrenceKuoch/Desktop/Dropbox/2015_s2/Code/java/Projects/ProjectTwo/lib:/Users/LawrenceKuoch/Desktop/Dropbox/2015_s2/Code/java/Projects/ProjectTwo/lib -Dfile.encoding=UTF-8 
java_command: Game
java_class_path (initial): /Users/LawrenceKuoch/Desktop/Dropbox/2015_s2/Code/java/Projects/ProjectTwo/bin:/Users/LawrenceKuoch/Desktop/Dropbox/2015_s2/Code/java/Projects/ProjectTwo/lib/slick.jar:/Users/LawrenceKuoch/Desktop/Dropbox/2015_s2/Code/java/Projects/ProjectTwo/lib/lwjgl.jar
Launcher Type: SUN_STANDARD

Environment Variables:
PATH=/usr/bin:/bin:/usr/sbin:/sbin
SHELL=/bin/bash
DISPLAY=/private/tmp/com.apple.launchd.P2RTz211ZR/org.macosforge.xquartz:0

Signal Handlers:
SIGSEGV: [libjvm.dylib+0x5a6bd1], sa_mask[0]=11111111011111110111111111111111, sa_flags=SA_ONSTACK|SA_RESTART|SA_SIGINFO
SIGBUS: [libjvm.dylib+0x5a6bd1], sa_mask[0]=11111111011111110111111111111111, sa_flags=SA_RESTART|SA_SIGINFO
SIGFPE: [libjvm.dylib+0x4808e8], sa_mask[0]=11111111011111110111111111111111, sa_flags=SA_RESTART|SA_SIGINFO
SIGPIPE: [libjvm.dylib+0x4808e8], sa_mask[0]=11111111011111110111111111111111, sa_flags=SA_RESTART|SA_SIGINFO
SIGXFSZ: [libjvm.dylib+0x4808e8], sa_mask[0]=11111111011111110111111111111111, sa_flags=SA_RESTART|SA_SIGINFO
SIGILL: [libjvm.dylib+0x4808e8], sa_mask[0]=11111111011111110111111111111111, sa_flags=SA_RESTART|SA_SIGINFO
SIGUSR1: SIG_DFL, sa_mask[0]=00000000000000000000000000000000, sa_flags=none
SIGUSR2: [libjvm.dylib+0x480406], sa_mask[0]=00100000000000000000000000000000, sa_flags=SA_RESTART|SA_SIGINFO
SIGHUP: [libjvm.dylib+0x47e9dd], sa_mask[0]=11111111011111110111111111111111, sa_flags=SA_RESTART|SA_SIGINFO
SIGINT: [libjvm.dylib+0x47e9dd], sa_mask[0]=11111111011111110111111111111111, sa_flags=SA_RESTART|SA_SIGINFO
SIGTERM: [libjvm.dylib+0x47e9dd], sa_mask[0]=11111111011111110111111111111111, sa_flags=SA_RESTART|SA_SIGINFO
SIGQUIT: [libjvm.dylib+0x47e9dd], sa_mask[0]=11111111011111110111111111111111, sa_flags=SA_RESTART|SA_SIGINFO


---------------  S Y S T E M  ---------------

OS:Bsduname:Darwin 14.5.0 Darwin Kernel Version 14.5.0: Wed Jul 29 02:26:53 PDT 2015; root:xnu-2782.40.9~1/RELEASE_X86_64 x86_64
rlimit: STACK 8192k, CORE 0k, NPROC 709, NOFILE 10240, AS infinity
load average:1.38 1.50 1.49

CPU:total 4 (2 cores per cpu, 2 threads per core) family 6 model 69 stepping 1, cmov, cx8, fxsr, mmx, sse, sse2, sse3, ssse3, sse4.1, sse4.2, popcnt, avx, avx2, aes, clmul, erms, rtm, lzcnt, ht, tsc, tscinvbit, bmi1, bmi2

Memory: 4k page, physical 8388608k(1074824k free)

/proc/meminfo:


vm_info: Java HotSpot(TM) 64-Bit Server VM (25.60-b23) for bsd-amd64 JRE (1.8.0_60-ea-b24), built on Jul 14 2015 21:18:15 by "java_re" with gcc 4.2.1 (Based on Apple Inc. build 5658) (LLVM build 2336.11.00)

time: Wed Sep 23 11:45:40 2015
elapsed time: 2 seconds (0d 0h 0m 2s)

