#
# A fatal error has been detected by the Java Runtime Environment:
#
#  SIGSEGV (0xb) at pc=0x00007fff810bf0dd, pid=15214, tid=1811
#
# JRE version: Java(TM) SE Runtime Environment (8.0_60-b24) (build 1.8.0_60-ea-b24)
# Java VM: Java HotSpot(TM) 64-Bit Server VM (25.60-b23 mixed mode bsd-amd64 compressed oops)
# Problematic frame:
# C  [libobjc.A.dylib+0x10dd]  objc_msgSend+0x1d
#
# Failed to write core dump. Core dumps have been disabled. To enable core dumping, try "ulimit -c unlimited" before starting Java again
#
# If you would like to submit a bug report, please visit:
#   http://bugreport.java.com/bugreport/crash.jsp
# The crash happened outside the Java Virtual Machine in native code.
# See problematic frame for where to report the bug.
#

---------------  T H R E A D  ---------------

Current thread (0x00007ff133896800):  JavaThread "AppKit Thread" daemon [_thread_in_native, id=1811, stack(0x00007fff510ba000,0x00007fff518ba000)]

siginfo: si_signo: 11 (SIGSEGV), si_code: 1 (SEGV_MAPERR), si_addr: 0x000007ff132f4aa8

Registers:
RAX=0x00007ff132f49770, RBX=0x00007fff518b5988, RCX=0x0000000000000000, RDX=0x00007ff132c587c0
RSP=0x00007fff518b57a8, RBP=0x00007fff518b57b0, RSI=0x00007fff88b0441e, RDI=0x00007ff132f49770
R8 =0x00007fff518b5790, R9 =0x0000000000000055, R10=0x00007fff88b0441e, R11=0x000007ff132f4a90
R12=0x00007ff132c178d0, R13=0x00000000000f42ed, R14=0x00007ff132d8cd20, R15=0x00007fff518b58e8
RIP=0x00007fff810bf0dd, EFLAGS=0x0000000000010206, ERR=0x0000000000000004
  TRAPNO=0x000000000000000e

Top of Stack: (sp=0x00007fff518b57a8)
0x00007fff518b57a8:   00007fff850cc45c 00007fff518b5b10
0x00007fff518b57b8:   00007fff84fbc634 00007fff518b583c
0x00007fff518b57c8:   00007fff518b5840 00007fff518b5844
0x00007fff518b57d8:   00007fff71db5e00 ffffffffffffffff
0x00007fff518b57e8:   00000000000007f8 00007fff71db5e18
0x00007fff518b57f8:   00007ff132d8cd20 0000000000000000
0x00007fff518b5808:   00007fff518b58e0 0000000000000000
0x00007fff518b5818:   00007ff132e66d70 00007fff518b5960
0x00007fff518b5828:   0000000000000055 00000000000f42ef
0x00007fff518b5838:   00007ff132c587c0 00007ff132e667d0
0x00007fff518b5848:   00007ff132c178d0 0000000000000001
0x00007fff518b5858:   00000000000f42ed 00007ff132c178c0
0x00007fff518b5868:   00007fff8a958c05 0000000170c3f070
0x00007fff518b5878:   00007fff72cf10d0 0000000042000000
0x00007fff518b5888:   00007fff8a95fe63 00007fff71d80240
0x00007fff518b5898:   00007fff518b5968 00007fff518b58c0
0x00007fff518b58a8:   00007fff518b58e0 0000000000000000
0x00007fff518b58b8:   0000000000000012 0001c203810df97a
0x00007fff518b58c8:   00007ff132c178f4 0000000000000000
0x00007fff518b58d8:   0000000000000000 00007ff132e66df0
0x00007fff518b58e8:   00007ff132d8cd20 0000002000000000
0x00007fff518b58f8:   0000000000000000 00007fff72cf10d0
0x00007fff518b5908:   0000000042000000 00007fff8a95f4f8
0x00007fff518b5918:   00007fff71d80350 00007fff518b5878
0x00007fff518b5928:   0000000000000000 00007fff518b59f8
0x00007fff518b5938:   00007fff71765ea0 00007fff518b5a30
0x00007fff518b5948:   00007fff8da86770 00007fff518b59e0
0x00007fff518b5958:   00007fff882384ed 0000000000000051
0x00007fff518b5968:   0000000000000000 00000000000f42e2
0x00007fff518b5978:   0000000000000053 0000000000000000
0x00007fff518b5988:   00000000000f42ed 00007fff518b5a04
0x00007fff518b5998:   00000000003cec01 00000000ffffffff 

Instructions: (pc=0x00007fff810bf0dd)
0x00007fff810bf0bd:   00 00 00 48 85 ff 2e 74 7a 40 f6 c7 01 2e 75 7e
0x00007fff810bf0cd:   49 bb f8 ff ff ff ff 7f 00 00 4c 23 1f 49 89 f2
0x00007fff810bf0dd:   45 23 53 18 49 c1 e2 04 4d 03 53 10 49 3b 32 75
0x00007fff810bf0ed:   04 41 ff 62 08 49 83 3a 00 74 6a 4d 3b 53 10 74 

Register to memory mapping:

RAX=0x00007ff132f49770 is an unknown value
RBX=0x00007fff518b5988 is pointing into the stack for thread: 0x00007ff133896800
RCX=0x0000000000000000 is an unknown value
RDX=0x00007ff132c587c0 is an unknown value
RSP=0x00007fff518b57a8 is pointing into the stack for thread: 0x00007ff133896800
RBP=0x00007fff518b57b0 is pointing into the stack for thread: 0x00007ff133896800
RSI=0x00007fff88b0441e: -[NSTitlebarContainerView transparent]+0x5e312 in /System/Library/Frameworks/AppKit.framework/Versions/C/AppKit at 0x00007fff88103000
RDI=0x00007ff132f49770 is an unknown value
R8 =0x00007fff518b5790 is pointing into the stack for thread: 0x00007ff133896800
R9 =0x0000000000000055 is an unknown value
R10=0x00007fff88b0441e: -[NSTitlebarContainerView transparent]+0x5e312 in /System/Library/Frameworks/AppKit.framework/Versions/C/AppKit at 0x00007fff88103000
R11=0x000007ff132f4a90 is an unknown value
R12=0x00007ff132c178d0 is an unknown value
R13=0x00000000000f42ed is an unknown value
R14=0x00007ff132d8cd20 is an unknown value
R15=0x00007fff518b58e8 is pointing into the stack for thread: 0x00007ff133896800


Stack: [0x00007fff510ba000,0x00007fff518ba000],  sp=0x00007fff518b57a8,  free space=8173k
Native frames: (J=compiled Java code, j=interpreted, Vv=VM code, C=native code)
C  [libobjc.A.dylib+0x10dd]  objc_msgSend+0x1d
C  [CoreFoundation+0x10634]  _CFXNotificationPost+0xc44
C  [Foundation+0x7aa1]  -[NSNotificationCenter postNotificationName:object:userInfo:]+0x42
C  [AppKit+0x439c2]  -[NSSurface _disposeSurface]+0x98
C  [AppKit+0x43426]  -[NSSurface setWindow:]+0x42
C  [AppKit+0x33910]  -[NSView _setWindow:]+0xa33
C  [AppKit+0x6af91]  -[NSView removeFromSuperview]+0x1c5
C  [AppKit+0x14bd99]  -[NSView removeFromSuperviewWithoutNeedingDisplay]+0x26
C  [liblwjgl.dylib+0xa205]  +[MacOSXKeyableWindow destroyWindow]+0xb5
C  [Foundation+0x92dd0]  __NSThreadPerformPerform+0x125
C  [CoreFoundation+0x80a01]  __CFRUNLOOP_IS_CALLING_OUT_TO_A_SOURCE0_PERFORM_FUNCTION__+0x11
C  [CoreFoundation+0x72b8d]  __CFRunLoopDoSources0+0x10d
C  [CoreFoundation+0x721bf]  __CFRunLoopRun+0x39f
C  [CoreFoundation+0x71bd8]  CFRunLoopRunSpecific+0x128
C  [HIToolbox+0x3256f]  RunCurrentEventLoopInMode+0xeb
C  [HIToolbox+0x321ee]  ReceiveNextEventCommon+0xb3
C  [HIToolbox+0x3212b]  _BlockUntilNextEventMatchingListInModeWithFilter+0x47
C  [AppKit+0x918ab]  _DPSNextEvent+0x3d2
C  [AppKit+0x90e58]  -[NSApplication nextEventMatchingMask:untilDate:inMode:dequeue:]+0x15a
C  [libosxapp.dylib+0x23aa]  -[NSApplicationAWT nextEventMatchingMask:untilDate:inMode:dequeue:]+0x7c
C  [AppKit+0x86af3]  -[NSApplication run]+0x252
C  [libosxapp.dylib+0x214d]  +[NSApplicationAWT runAWTLoopWithApp:]+0x9c
C  [libawt_lwawt.dylib+0x44547]  -[AWTStarter starter:]+0x389
C  [Foundation+0x92dd0]  __NSThreadPerformPerform+0x125
C  [CoreFoundation+0x80a01]  __CFRUNLOOP_IS_CALLING_OUT_TO_A_SOURCE0_PERFORM_FUNCTION__+0x11
C  [CoreFoundation+0x72b8d]  __CFRunLoopDoSources0+0x10d
C  [CoreFoundation+0x721bf]  __CFRunLoopRun+0x39f
C  [CoreFoundation+0x71bd8]  CFRunLoopRunSpecific+0x128
C  [java+0x6463]  CreateExecutionEnvironment+0x367
C  [java+0x21ac]  JLI_Launch+0x7a0
C  [java+0x84c0]  main+0x65
C  [java+0x1a04]  start+0x34
C  0x0000000000000006


---------------  P R O C E S S  ---------------

Java Threads: ( => current thread )
  0x00007ff13313a000 JavaThread "AWT-Shutdown" [_thread_blocked, id=28179, stack(0x00000001296f6000,0x00000001297f6000)]
=>0x00007ff133896800 JavaThread "AppKit Thread" daemon [_thread_in_native, id=1811, stack(0x00007fff510ba000,0x00007fff518ba000)]
  0x00007ff133032000 JavaThread "Service Thread" daemon [_thread_blocked, id=18179, stack(0x0000000127ae3000,0x0000000127be3000)]
  0x00007ff13402e000 JavaThread "C1 CompilerThread2" daemon [_thread_blocked, id=17667, stack(0x00000001279e0000,0x0000000127ae0000)]
  0x00007ff13400a000 JavaThread "C2 CompilerThread1" daemon [_thread_blocked, id=17155, stack(0x00000001278dd000,0x00000001279dd000)]
  0x00007ff134005800 JavaThread "C2 CompilerThread0" daemon [_thread_blocked, id=16643, stack(0x00000001277da000,0x00000001278da000)]
  0x00007ff13383c000 JavaThread "Signal Dispatcher" daemon [_thread_blocked, id=13331, stack(0x00000001276d7000,0x00000001277d7000)]
  0x00007ff13301c800 JavaThread "Finalizer" daemon [_thread_blocked, id=11523, stack(0x0000000125cb4000,0x0000000125db4000)]
  0x00007ff13301c000 JavaThread "Reference Handler" daemon [_thread_blocked, id=11011, stack(0x0000000125bb1000,0x0000000125cb1000)]
  0x00007ff134802800 JavaThread "main" [_thread_in_native, id=4867, stack(0x000000010e45d000,0x000000010e55d000)]

Other Threads:
  0x00007ff133019000 VMThread [stack: 0x0000000125aae000,0x0000000125bae000] [id=10499]
  0x00007ff133821800 WatcherThread [stack: 0x0000000127be6000,0x0000000127ce6000] [id=18691]

VM state:not at safepoint (normal execution)

VM Mutex/Monitor currently owned by a thread: None

Heap:
 PSYoungGen      total 38400K, used 13041K [0x0000000795580000, 0x0000000798000000, 0x00000007c0000000)
  eden space 33280K, 39% used [0x0000000795580000,0x000000079623c650,0x0000000797600000)
  from space 5120K, 0% used [0x0000000797b00000,0x0000000797b00000,0x0000000798000000)
  to   space 5120K, 0% used [0x0000000797600000,0x0000000797600000,0x0000000797b00000)
 ParOldGen       total 87552K, used 0K [0x0000000740000000, 0x0000000745580000, 0x0000000795580000)
  object space 87552K, 0% used [0x0000000740000000,0x0000000740000000,0x0000000745580000)
 Metaspace       used 8254K, capacity 8387K, committed 8576K, reserved 1056768K
  class space    used 835K, capacity 888K, committed 896K, reserved 1048576K

Card table byte_map: [0x000000011f149000,0x000000011f54a000] byte_map_base: 0x000000011b749000

Marking Bits: (ParMarkBitMap*) 0x000000010f6ded80
 Begin Bits: [0x000000011fc01000, 0x0000000121c01000)
 End Bits:   [0x0000000121c01000, 0x0000000123c01000)

Polling page: 0x000000010e5a2000

CodeCache: size=245760Kb used=3260Kb max_used=3264Kb free=242499Kb
 bounds [0x000000010fd89000, 0x00000001100c9000, 0x000000011ed89000]
 total_blobs=1208 nmethods=802 adapters=320
 compilation: enabled

Compilation events (10 events):
Event: 5.925 Thread 0x00007ff13402e000  799       1       org.newdawn.slick.BasicGame::inputStarted (1 bytes)
Event: 5.925 Thread 0x00007ff13402e000 nmethod 799 0x00000001100a7210 code [0x00000001100a7360, 0x00000001100a7470]
Event: 5.925 Thread 0x00007ff13402e000  800       1       org.newdawn.slick.BasicGame::inputEnded (1 bytes)
Event: 5.925 Thread 0x00007ff13402e000 nmethod 800 0x00000001100a6f50 code [0x00000001100a70a0, 0x00000001100a71b0]
Event: 6.082 Thread 0x00007ff13400a000  801       4       Angle::<init> (47 bytes)
Event: 6.083 Thread 0x00007ff13400a000 nmethod 801 0x00000001100a5f90 code [0x00000001100a6100, 0x00000001100a61d8]
Event: 6.089 Thread 0x00007ff134005800  802       4       World::update (78 bytes)
Event: 6.097 Thread 0x00007ff134005800 nmethod 802 0x00000001100bb5d0 code [0x00000001100bb7e0, 0x00000001100bbed8]
Event: 6.121 Thread 0x00007ff13400a000  803       4       sun.misc.FloatingDecimal$ASCIIToBinaryBuffer::doubleValue (1194 bytes)
Event: 6.126 Thread 0x00007ff13400a000 nmethod 803 0x00000001100a4cd0 code [0x00000001100a4e60, 0x00000001100a5138]

GC Heap History (0 events):
No events

Deoptimization events (5 events):
Event: 0.146 Thread 0x00007ff134802800 Uncommon trap: reason=unstable_if action=reinterpret pc=0x000000010fec4640 method=java.lang.String.indexOf(II)I @ 49
Event: 0.368 Thread 0x00007ff134802800 Uncommon trap: reason=unstable_if action=reinterpret pc=0x000000010ff1ad1c method=java.lang.String.replace(CC)Ljava/lang/String; @ 26
Event: 0.643 Thread 0x00007ff134802800 Uncommon trap: reason=unstable_if action=reinterpret pc=0x000000010ffb9fdc method=com.sun.org.apache.xerces.internal.util.XMLChar.isContent(I)Z @ 14
Event: 3.564 Thread 0x00007ff134802800 Uncommon trap: reason=unstable_if action=reinterpret pc=0x0000000110089d48 method=sun.misc.FloatingDecimal.readJavaFormatString(Ljava/lang/String;)Lsun/misc/FloatingDecimal$ASCIIToBinaryConverter; @ 169
Event: 3.564 Thread 0x00007ff134802800 Uncommon trap: reason=unstable_if action=reinterpret pc=0x00000001100a0d6c method=sun.misc.FloatingDecimal$ASCIIToBinaryBuffer.doubleValue()D @ 121

Internal exceptions (10 events):
Event: 0.094 Thread 0x00007ff134802800 Exception <a 'java/security/PrivilegedActionException'> (0x00000007957856b0) thrown at [/Users/java_re/workspace/8-2-build-macosx-x86_64/jdk8u60/4241.nc/hotspot/src/share/vm/prims/jvm.cpp, line 1386]
Event: 0.136 Thread 0x00007ff134802800 Exception <a 'java/security/PrivilegedActionException'> (0x00000007958d1ec8) thrown at [/Users/java_re/workspace/8-2-build-macosx-x86_64/jdk8u60/4241.nc/hotspot/src/share/vm/prims/jvm.cpp, line 1386]
Event: 0.136 Thread 0x00007ff134802800 Exception <a 'java/security/PrivilegedActionException'> (0x00000007958d20d8) thrown at [/Users/java_re/workspace/8-2-build-macosx-x86_64/jdk8u60/4241.nc/hotspot/src/share/vm/prims/jvm.cpp, line 1386]
Event: 0.136 Thread 0x00007ff134802800 Exception <a 'java/security/PrivilegedActionException'> (0x00000007958d5560) thrown at [/Users/java_re/workspace/8-2-build-macosx-x86_64/jdk8u60/4241.nc/hotspot/src/share/vm/prims/jvm.cpp, line 1386]
Event: 0.136 Thread 0x00007ff134802800 Exception <a 'java/security/PrivilegedActionException'> (0x00000007958d5770) thrown at [/Users/java_re/workspace/8-2-build-macosx-x86_64/jdk8u60/4241.nc/hotspot/src/share/vm/prims/jvm.cpp, line 1386]
Event: 0.171 Thread 0x00007ff134802800 Exception <a 'java/lang/NoSuchFieldError': method resolution failed> (0x00000007959a3f28) thrown at [/Users/java_re/workspace/8-2-build-macosx-x86_64/jdk8u60/4241.nc/hotspot/src/share/vm/prims/methodHandles.cpp, line 1146]
Event: 0.174 Thread 0x00007ff134802800 Exception <a 'java/lang/NoSuchFieldError': method resolution failed> (0x00000007959b1678) thrown at [/Users/java_re/workspace/8-2-build-macosx-x86_64/jdk8u60/4241.nc/hotspot/src/share/vm/prims/methodHandles.cpp, line 1146]
Event: 0.347 Thread 0x00007ff134802800 Exception <a 'java/io/FileNotFoundException'> (0x0000000795a2cab0) thrown at [/Users/java_re/workspace/8-2-build-macosx-x86_64/jdk8u60/4241.nc/hotspot/src/share/vm/prims/jni.cpp, line 709]
Event: 0.347 Thread 0x00007ff134802800 Exception <a 'java/io/FileNotFoundException'> (0x0000000795a2d638) thrown at [/Users/java_re/workspace/8-2-build-macosx-x86_64/jdk8u60/4241.nc/hotspot/src/share/vm/prims/jni.cpp, line 709]
Event: 0.607 Thread 0x00007ff134802800 Exception <a 'java/lang/NoClassDefFoundError': net/java/games/input/ControllerEnvironment> (0x0000000795f08360) thrown at [/Users/java_re/workspace/8-2-build-macosx-x86_64/jdk8u60/4241.nc/hotspot/src/share/vm/classfile/systemDictionary.cpp, line 199]

Events (10 events):
Event: 3.564 Thread 0x00007ff134802800 Uncommon trap: trap_request=0xffffff65 fr.pc=0x0000000110089d48
Event: 3.564 Thread 0x00007ff134802800 DEOPT PACKING pc=0x0000000110089d48 sp=0x000000010e55c420
Event: 3.564 Thread 0x00007ff134802800 DEOPT UNPACKING pc=0x000000010fd8e229 sp=0x000000010e55c370 mode 2
Event: 3.564 Thread 0x00007ff134802800 Uncommon trap: trap_request=0xffffff65 fr.pc=0x00000001100a0d6c
Event: 3.564 Thread 0x00007ff134802800 DEOPT PACKING pc=0x00000001100a0d6c sp=0x000000010e55c440
Event: 3.564 Thread 0x00007ff134802800 DEOPT UNPACKING pc=0x000000010fd8e229 sp=0x000000010e55c320 mode 2
Event: 4.107 Executing VM operation: EnableBiasedLocking
Event: 4.107 Executing VM operation: EnableBiasedLocking done
Event: 6.571 loading class org/lwjgl/opengl/CallbackUtil
Event: 6.571 loading class org/lwjgl/opengl/CallbackUtil done


Dynamic libraries:
0x0000000000724000 	/System/Library/Frameworks/Cocoa.framework/Versions/A/Cocoa
0x0000000000724000 	/System/Library/Frameworks/Security.framework/Versions/A/Security
0x0000000000724000 	/System/Library/Frameworks/ApplicationServices.framework/Versions/A/ApplicationServices
0x0000000000724000 	/usr/lib/libz.1.dylib
0x0000000000724000 	/usr/lib/libSystem.B.dylib
0x0000000000724000 	/usr/lib/libobjc.A.dylib
0x0000000000724000 	/System/Library/Frameworks/CoreFoundation.framework/Versions/A/CoreFoundation
0x0000000000724000 	/System/Library/Frameworks/Foundation.framework/Versions/C/Foundation
0x0000000000724000 	/System/Library/Frameworks/AppKit.framework/Versions/C/AppKit
0x0000000000724000 	/System/Library/Frameworks/CoreData.framework/Versions/A/CoreData
0x0000000000724000 	/System/Library/PrivateFrameworks/RemoteViewServices.framework/Versions/A/RemoteViewServices
0x0000000000724000 	/System/Library/PrivateFrameworks/UIFoundation.framework/Versions/A/UIFoundation
0x0000000000724000 	/System/Library/Frameworks/IOSurface.framework/Versions/A/IOSurface
0x0000000000724000 	/System/Library/Frameworks/AudioToolbox.framework/Versions/A/AudioToolbox
0x0000000000724000 	/System/Library/Frameworks/AudioUnit.framework/Versions/A/AudioUnit
0x0000000000724000 	/System/Library/PrivateFrameworks/DataDetectorsCore.framework/Versions/A/DataDetectorsCore
0x0000000000724000 	/System/Library/PrivateFrameworks/DesktopServicesPriv.framework/Versions/A/DesktopServicesPriv
0x0000000000724000 	/System/Library/Frameworks/Carbon.framework/Versions/A/Frameworks/HIToolbox.framework/Versions/A/HIToolbox
0x0000000000724000 	/System/Library/Frameworks/QuartzCore.framework/Versions/A/QuartzCore
0x0000000000724000 	/System/Library/Frameworks/Carbon.framework/Versions/A/Frameworks/SpeechRecognition.framework/Versions/A/SpeechRecognition
0x0000000000724000 	/usr/lib/libauto.dylib
0x0000000000724000 	/usr/lib/libicucore.A.dylib
0x0000000000724000 	/usr/lib/libxml2.2.dylib
0x0000000000724000 	/System/Library/PrivateFrameworks/CoreUI.framework/Versions/A/CoreUI
0x0000000000724000 	/System/Library/Frameworks/CoreAudio.framework/Versions/A/CoreAudio
0x0000000000724000 	/System/Library/Frameworks/DiskArbitration.framework/Versions/A/DiskArbitration
0x0000000000724000 	/usr/lib/liblangid.dylib
0x0000000000724000 	/System/Library/PrivateFrameworks/MultitouchSupport.framework/Versions/A/MultitouchSupport
0x0000000000724000 	/System/Library/Frameworks/IOKit.framework/Versions/A/IOKit
0x0000000000724000 	/usr/lib/libDiagnosticMessagesClient.dylib
0x0000000000724000 	/System/Library/Frameworks/CoreServices.framework/Versions/A/CoreServices
0x0000000000724000 	/System/Library/PrivateFrameworks/PerformanceAnalysis.framework/Versions/A/PerformanceAnalysis
0x0000000000724000 	/System/Library/PrivateFrameworks/GenerationalStorage.framework/Versions/A/GenerationalStorage
0x0000000000724000 	/System/Library/Frameworks/OpenGL.framework/Versions/A/OpenGL
0x0000000000724000 	/System/Library/PrivateFrameworks/Sharing.framework/Versions/A/Sharing
0x0000000000724000 	/System/Library/Frameworks/CoreGraphics.framework/Versions/A/CoreGraphics
0x0000000000724000 	/System/Library/Frameworks/CoreText.framework/Versions/A/CoreText
0x0000000000724000 	/System/Library/Frameworks/ImageIO.framework/Versions/A/ImageIO
0x0000000000724000 	/usr/lib/libextension.dylib
0x0000000000724000 	/System/Library/PrivateFrameworks/Backup.framework/Versions/A/Backup
0x0000000000724000 	/usr/lib/libarchive.2.dylib
0x0000000000724000 	/System/Library/Frameworks/CFNetwork.framework/Versions/A/CFNetwork
0x0000000000724000 	/System/Library/Frameworks/SystemConfiguration.framework/Versions/A/SystemConfiguration
0x0000000000724000 	/usr/lib/libCRFSuite.dylib
0x0000000000724000 	/usr/lib/libc++.1.dylib
0x0000000000724000 	/usr/lib/libc++abi.dylib
0x0000000000724000 	/usr/lib/system/libcache.dylib
0x0000000000724000 	/usr/lib/system/libcommonCrypto.dylib
0x0000000000724000 	/usr/lib/system/libcompiler_rt.dylib
0x0000000000724000 	/usr/lib/system/libcopyfile.dylib
0x0000000000724000 	/usr/lib/system/libcorecrypto.dylib
0x0000000000724000 	/usr/lib/system/libdispatch.dylib
0x0000000000724000 	/usr/lib/system/libdyld.dylib
0x0000000000724000 	/usr/lib/system/libkeymgr.dylib
0x0000000000724000 	/usr/lib/system/liblaunch.dylib
0x0000000000724000 	/usr/lib/system/libmacho.dylib
0x0000000000724000 	/usr/lib/system/libquarantine.dylib
0x0000000000724000 	/usr/lib/system/libremovefile.dylib
0x0000000000724000 	/usr/lib/system/libsystem_asl.dylib
0x0000000000724000 	/usr/lib/system/libsystem_blocks.dylib
0x0000000000724000 	/usr/lib/system/libsystem_c.dylib
0x0000000000724000 	/usr/lib/system/libsystem_configuration.dylib
0x0000000000724000 	/usr/lib/system/libsystem_coreservices.dylib
0x0000000000724000 	/usr/lib/system/libsystem_coretls.dylib
0x0000000000724000 	/usr/lib/system/libsystem_dnssd.dylib
0x0000000000724000 	/usr/lib/system/libsystem_info.dylib
0x0000000000724000 	/usr/lib/system/libsystem_kernel.dylib
0x0000000000724000 	/usr/lib/system/libsystem_m.dylib
0x0000000000724000 	/usr/lib/system/libsystem_malloc.dylib
0x0000000000724000 	/usr/lib/system/libsystem_network.dylib
0x0000000000724000 	/usr/lib/system/libsystem_networkextension.dylib
0x0000000000724000 	/usr/lib/system/libsystem_notify.dylib
0x0000000000724000 	/usr/lib/system/libsystem_platform.dylib
0x0000000000724000 	/usr/lib/system/libsystem_pthread.dylib
0x0000000000724000 	/usr/lib/system/libsystem_sandbox.dylib
0x0000000000724000 	/usr/lib/system/libsystem_secinit.dylib
0x0000000000724000 	/usr/lib/system/libsystem_stats.dylib
0x0000000000724000 	/usr/lib/system/libsystem_trace.dylib
0x0000000000724000 	/usr/lib/system/libunc.dylib
0x0000000000724000 	/usr/lib/system/libunwind.dylib
0x0000000000724000 	/usr/lib/system/libxpc.dylib
0x0000000000724000 	/usr/lib/libbz2.1.0.dylib
0x0000000000724000 	/usr/lib/liblzma.5.dylib
0x0000000000724000 	/usr/lib/libbsm.0.dylib
0x0000000000724000 	/usr/lib/libsqlite3.dylib
0x0000000000724000 	/usr/lib/system/libkxld.dylib
0x0000000000724000 	/usr/lib/libxar.1.dylib
0x0000000000724000 	/usr/lib/libpam.2.dylib
0x0000000000724000 	/usr/lib/libOpenScriptingUtil.dylib
0x0000000000724000 	/System/Library/Frameworks/CoreServices.framework/Versions/A/Frameworks/FSEvents.framework/Versions/A/FSEvents
0x0000000000724000 	/System/Library/Frameworks/CoreServices.framework/Versions/A/Frameworks/CarbonCore.framework/Versions/A/CarbonCore
0x0000000000724000 	/System/Library/Frameworks/CoreServices.framework/Versions/A/Frameworks/Metadata.framework/Versions/A/Metadata
0x0000000000724000 	/System/Library/Frameworks/CoreServices.framework/Versions/A/Frameworks/OSServices.framework/Versions/A/OSServices
0x0000000000724000 	/System/Library/Frameworks/CoreServices.framework/Versions/A/Frameworks/SearchKit.framework/Versions/A/SearchKit
0x0000000000724000 	/System/Library/Frameworks/CoreServices.framework/Versions/A/Frameworks/AE.framework/Versions/A/AE
0x0000000000724000 	/System/Library/Frameworks/CoreServices.framework/Versions/A/Frameworks/LaunchServices.framework/Versions/A/LaunchServices
0x0000000000724000 	/System/Library/Frameworks/CoreServices.framework/Versions/A/Frameworks/DictionaryServices.framework/Versions/A/DictionaryServices
0x0000000000724000 	/System/Library/Frameworks/NetFS.framework/Versions/A/NetFS
0x0000000000724000 	/System/Library/PrivateFrameworks/NetAuth.framework/Versions/A/NetAuth
0x0000000000724000 	/System/Library/PrivateFrameworks/login.framework/Versions/A/Frameworks/loginsupport.framework/Versions/A/loginsupport
0x0000000000724000 	/System/Library/PrivateFrameworks/TCC.framework/Versions/A/TCC
0x0000000000724000 	/usr/lib/libmecabra.dylib
0x0000000000724000 	/System/Library/Frameworks/ApplicationServices.framework/Versions/A/Frameworks/ATS.framework/Versions/A/ATS
0x0000000000724000 	/System/Library/Frameworks/ApplicationServices.framework/Versions/A/Frameworks/ColorSync.framework/Versions/A/ColorSync
0x0000000000724000 	/System/Library/Frameworks/ApplicationServices.framework/Versions/A/Frameworks/HIServices.framework/Versions/A/HIServices
0x0000000000724000 	/System/Library/Frameworks/ApplicationServices.framework/Versions/A/Frameworks/LangAnalysis.framework/Versions/A/LangAnalysis
0x0000000000724000 	/System/Library/Frameworks/ApplicationServices.framework/Versions/A/Frameworks/PrintCore.framework/Versions/A/PrintCore
0x0000000000724000 	/System/Library/Frameworks/ApplicationServices.framework/Versions/A/Frameworks/QD.framework/Versions/A/QD
0x0000000000724000 	/System/Library/Frameworks/ApplicationServices.framework/Versions/A/Frameworks/SpeechSynthesis.framework/Versions/A/SpeechSynthesis
0x0000000000724000 	/System/Library/Frameworks/Accelerate.framework/Versions/A/Accelerate
0x0000000000724000 	/System/Library/Frameworks/Accelerate.framework/Versions/A/Frameworks/vImage.framework/Versions/A/vImage
0x0000000000724000 	/System/Library/Frameworks/Accelerate.framework/Versions/A/Frameworks/vecLib.framework/Versions/A/vecLib
0x0000000000724000 	/System/Library/Frameworks/Accelerate.framework/Versions/A/Frameworks/vecLib.framework/Versions/A/libvDSP.dylib
0x0000000000724000 	/System/Library/Frameworks/Accelerate.framework/Versions/A/Frameworks/vecLib.framework/Versions/A/libvMisc.dylib
0x0000000000724000 	/System/Library/Frameworks/Accelerate.framework/Versions/A/Frameworks/vecLib.framework/Versions/A/libLAPACK.dylib
0x0000000000724000 	/System/Library/Frameworks/Accelerate.framework/Versions/A/Frameworks/vecLib.framework/Versions/A/libBLAS.dylib
0x0000000000724000 	/System/Library/Frameworks/Accelerate.framework/Versions/A/Frameworks/vecLib.framework/Versions/A/libLinearAlgebra.dylib
0x0000000000724000 	/System/Library/Frameworks/ApplicationServices.framework/Versions/A/Frameworks/ATS.framework/Versions/A/Resources/libFontParser.dylib
0x0000000000724000 	/System/Library/Frameworks/ApplicationServices.framework/Versions/A/Frameworks/ATS.framework/Versions/A/Resources/libFontRegistry.dylib
0x0000000000724000 	/System/Library/PrivateFrameworks/AppleVPA.framework/Versions/A/AppleVPA
0x0000000000724000 	/System/Library/PrivateFrameworks/AppleJPEG.framework/Versions/A/AppleJPEG
0x0000000000724000 	/System/Library/Frameworks/ImageIO.framework/Versions/A/Resources/libJPEG.dylib
0x0000000000724000 	/System/Library/Frameworks/ImageIO.framework/Versions/A/Resources/libTIFF.dylib
0x0000000000724000 	/System/Library/Frameworks/ImageIO.framework/Versions/A/Resources/libPng.dylib
0x0000000000724000 	/System/Library/Frameworks/ImageIO.framework/Versions/A/Resources/libGIF.dylib
0x0000000000724000 	/System/Library/Frameworks/ImageIO.framework/Versions/A/Resources/libJP2.dylib
0x0000000000724000 	/System/Library/Frameworks/ImageIO.framework/Versions/A/Resources/libRadiance.dylib
0x0000000000724000 	/System/Library/Frameworks/CoreVideo.framework/Versions/A/CoreVideo
0x0000000000724000 	/System/Library/Frameworks/OpenGL.framework/Versions/A/Libraries/libGLU.dylib
0x0000000000724000 	/System/Library/Frameworks/OpenGL.framework/Versions/A/Libraries/libGFXShared.dylib
0x0000000000724000 	/System/Library/Frameworks/OpenGL.framework/Versions/A/Libraries/libGL.dylib
0x0000000000724000 	/System/Library/Frameworks/OpenGL.framework/Versions/A/Libraries/libGLImage.dylib
0x0000000000724000 	/System/Library/Frameworks/OpenGL.framework/Versions/A/Libraries/libCVMSPluginSupport.dylib
0x0000000000724000 	/System/Library/Frameworks/OpenGL.framework/Versions/A/Libraries/libCoreVMClient.dylib
0x0000000000724000 	/usr/lib/libcups.2.dylib
0x0000000000724000 	/System/Library/Frameworks/Kerberos.framework/Versions/A/Kerberos
0x0000000000724000 	/System/Library/Frameworks/GSS.framework/Versions/A/GSS
0x0000000000724000 	/usr/lib/libresolv.9.dylib
0x0000000000724000 	/usr/lib/libiconv.2.dylib
0x0000000000724000 	/System/Library/PrivateFrameworks/Heimdal.framework/Versions/A/Heimdal
0x0000000000724000 	/usr/lib/libheimdal-asn1.dylib
0x0000000000724000 	/System/Library/Frameworks/OpenDirectory.framework/Versions/A/OpenDirectory
0x0000000000724000 	/System/Library/PrivateFrameworks/CommonAuth.framework/Versions/A/CommonAuth
0x0000000000724000 	/System/Library/Frameworks/OpenDirectory.framework/Versions/A/Frameworks/CFOpenDirectory.framework/Versions/A/CFOpenDirectory
0x0000000000724000 	/System/Library/Frameworks/SecurityFoundation.framework/Versions/A/SecurityFoundation
0x0000000000724000 	/System/Library/PrivateFrameworks/LanguageModeling.framework/Versions/A/LanguageModeling
0x0000000000724000 	/usr/lib/libcmph.dylib
0x0000000000724000 	/System/Library/Frameworks/ServiceManagement.framework/Versions/A/ServiceManagement
0x0000000000724000 	/usr/lib/libxslt.1.dylib
0x0000000000724000 	/System/Library/Frameworks/Carbon.framework/Versions/A/Frameworks/Ink.framework/Versions/A/Ink
0x0000000000724000 	/System/Library/Frameworks/QuartzCore.framework/Versions/A/Frameworks/CoreImage.framework/Versions/A/CoreImage
0x0000000000724000 	/System/Library/PrivateFrameworks/CrashReporterSupport.framework/Versions/A/CrashReporterSupport
0x0000000000724000 	/System/Library/Frameworks/OpenCL.framework/Versions/A/OpenCL
0x0000000000724000 	/System/Library/PrivateFrameworks/FaceCore.framework/Versions/A/FaceCore
0x0000000000724000 	/System/Library/PrivateFrameworks/Ubiquity.framework/Versions/A/Ubiquity
0x0000000000724000 	/System/Library/PrivateFrameworks/IconServices.framework/Versions/A/IconServices
0x0000000000724000 	/System/Library/PrivateFrameworks/ChunkingLibrary.framework/Versions/A/ChunkingLibrary
0x0000000000724000 	/System/Library/PrivateFrameworks/Apple80211.framework/Versions/A/Apple80211
0x0000000000724000 	/System/Library/Frameworks/CoreWLAN.framework/Versions/A/CoreWLAN
0x0000000000724000 	/System/Library/Frameworks/IOBluetooth.framework/Versions/A/IOBluetooth
0x0000000000724000 	/System/Library/PrivateFrameworks/CoreWiFi.framework/Versions/A/CoreWiFi
0x0000000000724000 	/System/Library/Frameworks/CoreBluetooth.framework/Versions/A/CoreBluetooth
0x0000000000724000 	/System/Library/PrivateFrameworks/DebugSymbols.framework/Versions/A/DebugSymbols
0x0000000000724000 	/System/Library/PrivateFrameworks/CoreSymbolication.framework/Versions/A/CoreSymbolication
0x0000000000724000 	/System/Library/PrivateFrameworks/Symbolication.framework/Versions/A/Symbolication
0x0000000000724000 	/System/Library/PrivateFrameworks/SpeechRecognitionCore.framework/Versions/A/SpeechRecognitionCore
0x000000010ee00000 	/Library/Java/JavaVirtualMachines/jdk1.8.0_60.jdk/Contents/Home/jre/lib/server/libjvm.dylib
0x0000000000724000 	/usr/lib/libstdc++.6.dylib
0x000000010e55f000 	/Library/Java/JavaVirtualMachines/jdk1.8.0_60.jdk/Contents/Home/jre/lib/libverify.dylib
0x000000010e56d000 	/Library/Java/JavaVirtualMachines/jdk1.8.0_60.jdk/Contents/Home/jre/lib/libjava.dylib
0x000000010e5ac000 	/Library/Java/JavaVirtualMachines/jdk1.8.0_60.jdk/Contents/Home/jre/lib/libzip.dylib
0x0000000125db6000 	/System/Library/Frameworks/JavaVM.framework/Frameworks/JavaRuntimeSupport.framework/JavaRuntimeSupport
0x0000000125dce000 	/System/Library/Frameworks/JavaVM.framework/Versions/A/Frameworks/JavaNativeFoundation.framework/Versions/A/JavaNativeFoundation
0x0000000125de3000 	/System/Library/Frameworks/JavaVM.framework/Versions/A/JavaVM
0x0000000000724000 	/System/Library/Frameworks/Carbon.framework/Versions/A/Carbon
0x0000000125df0000 	/System/Library/PrivateFrameworks/JavaLaunching.framework/Versions/A/JavaLaunching
0x0000000000724000 	/System/Library/Frameworks/Carbon.framework/Versions/A/Frameworks/CommonPanels.framework/Versions/A/CommonPanels
0x0000000000724000 	/System/Library/Frameworks/Carbon.framework/Versions/A/Frameworks/Help.framework/Versions/A/Help
0x0000000000724000 	/System/Library/Frameworks/Carbon.framework/Versions/A/Frameworks/ImageCapture.framework/Versions/A/ImageCapture
0x0000000000724000 	/System/Library/Frameworks/Carbon.framework/Versions/A/Frameworks/OpenScripting.framework/Versions/A/OpenScripting
0x0000000000724000 	/System/Library/Frameworks/Carbon.framework/Versions/A/Frameworks/Print.framework/Versions/A/Print
0x0000000000724000 	/System/Library/Frameworks/Carbon.framework/Versions/A/Frameworks/SecurityHI.framework/Versions/A/SecurityHI
0x0000000127d3d000 	/Library/Java/JavaVirtualMachines/jdk1.8.0_60.jdk/Contents/Home/jre/lib/libawt.dylib
0x0000000127de5000 	/Library/Java/JavaVirtualMachines/jdk1.8.0_60.jdk/Contents/Home/jre/lib/./libmlib_image.dylib
0x0000000127eb1000 	/Library/Java/JavaVirtualMachines/jdk1.8.0_60.jdk/Contents/Home/jre/lib/libawt_lwawt.dylib
0x0000000127f66000 	/Library/Java/JavaVirtualMachines/jdk1.8.0_60.jdk/Contents/Home/jre/lib/./libosxapp.dylib
0x0000000000724000 	/System/Library/Frameworks/ExceptionHandling.framework/Versions/A/ExceptionHandling
0x0000000000724000 	/System/Library/PrivateFrameworks/CoreServicesInternal.framework/Versions/A/CoreServicesInternal
0x0000000000724000 	/System/Library/PrivateFrameworks/CloudDocs.framework/Versions/A/CloudDocs
0x0000000000724000 	/System/Library/PrivateFrameworks/CoreDuet.framework/Versions/A/CoreDuet
0x0000000000724000 	/System/Library/Frameworks/CloudKit.framework/Versions/A/CloudKit
0x0000000000724000 	/System/Library/PrivateFrameworks/ProtocolBuffer.framework/Versions/A/ProtocolBuffer
0x0000000000724000 	/System/Library/PrivateFrameworks/CoreDuetDaemonProtocol.framework/Versions/A/CoreDuetDaemonProtocol
0x0000000000724000 	/System/Library/PrivateFrameworks/CoreDuetDebugLogging.framework/Versions/A/CoreDuetDebugLogging
0x0000000000724000 	/System/Library/PrivateFrameworks/MMCS.framework/Versions/A/MMCS
0x0000000000724000 	/System/Library/Frameworks/CoreLocation.framework/Versions/A/CoreLocation
0x0000000000724000 	/System/Library/PrivateFrameworks/ProtectedCloudStorage.framework/Versions/A/ProtectedCloudStorage
0x0000000000724000 	/System/Library/PrivateFrameworks/GeoServices.framework/Versions/A/GeoServices
0x00000001296e6000 	/System/Library/Frameworks/CoreGraphics.framework/Versions/A/Resources/libCGCMS.A.dylib
0x000000012a1c9000 	/System/Library/Frameworks/CoreGraphics.framework/Versions/A/Resources/libRIP.A.dylib
0x000000012a442000 	/System/Library/Frameworks/CoreGraphics.framework/Versions/A/Resources/libCGXType.A.dylib
0x0000000000724000 	/System/Library/Frameworks/OpenCL.framework/Versions/A/Libraries/libcldcpuengine.dylib
0x0000000000724000 	/System/Library/PrivateFrameworks/DiskImages.framework/Versions/A/DiskImages
0x0000000000724000 	/System/Library/Frameworks/DiscRecording.framework/Versions/A/DiscRecording
0x0000000000724000 	/usr/lib/libcsfde.dylib
0x0000000000724000 	/usr/lib/libcurl.4.dylib
0x0000000000724000 	/System/Library/PrivateFrameworks/MediaKit.framework/Versions/A/MediaKit
0x0000000000724000 	/usr/lib/libCoreStorage.dylib
0x0000000000724000 	/System/Library/PrivateFrameworks/EFILogin.framework/Versions/A/EFILogin
0x0000000000724000 	/usr/lib/libutil.dylib
0x0000000000724000 	/System/Library/PrivateFrameworks/FindMyDevice.framework/Versions/A/FindMyDevice
0x0000000000724000 	/System/Library/Frameworks/LDAP.framework/Versions/A/LDAP
0x0000000000724000 	/usr/lib/libsasl2.2.dylib
0x0000000000724000 	/System/Library/PrivateFrameworks/CoreDaemon.framework/Versions/B/CoreDaemon
0x0000000000724000 	/usr/lib/libcrypto.0.9.8.dylib
0x0000000000724000 	/System/Library/PrivateFrameworks/AppleSRP.framework/Versions/A/AppleSRP
0x0000000000724000 	/System/Library/PrivateFrameworks/TrustEvaluationAgent.framework/Versions/A/TrustEvaluationAgent
0x000000012aeb3000 	cl_kernels
0x000000012aeb5000 	/System/Library/Frameworks/OpenCL.framework/Versions/A/Libraries/ImageFormats/unorm8_bgra.dylib
0x000000012aea4000 	cl_kernels
0x0000000000724000 	/System/Library/PrivateFrameworks/FamilyControls.framework/Versions/A/FamilyControls
0x0000000000724000 	/System/Library/PrivateFrameworks/CommerceKit.framework/Versions/A/Frameworks/CommerceCore.framework/Versions/A/CommerceCore
0x0000000000724000 	/System/Library/PrivateFrameworks/SystemAdministration.framework/Versions/A/SystemAdministration
0x0000000000724000 	/System/Library/PrivateFrameworks/AppContainer.framework/Versions/A/AppContainer
0x0000000000724000 	/System/Library/PrivateFrameworks/SecCodeWrapper.framework/Versions/A/SecCodeWrapper
0x0000000000724000 	/System/Library/Frameworks/DirectoryService.framework/Versions/A/DirectoryService
0x0000000000724000 	/System/Library/PrivateFrameworks/LoginUIKit.framework/Versions/A/Frameworks/LoginUICore.framework/Versions/A/LoginUICore
0x0000000000724000 	/usr/lib/libodfde.dylib
0x000000012c07b000 	/Library/Java/JavaVirtualMachines/jdk1.8.0_60.jdk/Contents/Home/jre/lib/libfontmanager.dylib
0x000000012c0e2000 	/Users/LawrenceKuoch/Desktop/Dropbox/2015_s2/Code/java/Projects/ProjectTwo/lib/liblwjgl.dylib
0x000000012a3da000 	/Library/Java/JavaVirtualMachines/jdk1.8.0_60.jdk/Contents/Home/jre/lib/libjawt.dylib
0x0000000000724000 	/System/Library/Frameworks/OpenGL.framework/Versions/A/Resources/GLEngine.bundle/GLEngine
0x0000000000724000 	/System/Library/Frameworks/OpenGL.framework/Versions/A/Libraries/libGLProgrammability.dylib
0x000000012c164000 	/System/Library/Extensions/AppleIntelHD5000GraphicsGLDriver.bundle/Contents/MacOS/AppleIntelHD5000GraphicsGLDriver
0x0000000000724000 	/System/Library/PrivateFrameworks/IOAccelerator.framework/Versions/A/IOAccelerator
0x0000000000724000 	/System/Library/PrivateFrameworks/GPUSupport.framework/Versions/A/Libraries/libGPUSupportMercury.dylib
0x0000000000724000 	/System/Library/Frameworks/OpenGL.framework/Versions/A/Resources/GLRendererFloat.bundle/GLRendererFloat

VM Arguments:
jvm_args: -Djava.library.path=/Users/LawrenceKuoch/Desktop/Dropbox/2015_s2/Code/java/Projects/ProjectTwo/lib:/Users/LawrenceKuoch/Desktop/Dropbox/2015_s2/Code/java/Projects/ProjectTwo/lib -Dfile.encoding=UTF-8 
java_command: Game
java_class_path (initial): /Users/LawrenceKuoch/Desktop/Dropbox/2015_s2/Code/java/Projects/ProjectTwo/bin:/Users/LawrenceKuoch/Desktop/Dropbox/2015_s2/Code/java/Projects/ProjectTwo/lib/slick.jar:/Users/LawrenceKuoch/Desktop/Dropbox/2015_s2/Code/java/Projects/ProjectTwo/lib/lwjgl.jar
Launcher Type: SUN_STANDARD

Environment Variables:
PATH=/usr/bin:/bin:/usr/sbin:/sbin
SHELL=/bin/bash
DISPLAY=/private/tmp/com.apple.launchd.P2RTz211ZR/org.macosforge.xquartz:0

Signal Handlers:
SIGSEGV: [libjvm.dylib+0x5a6bd1], sa_mask[0]=11111111011111110111111111111111, sa_flags=SA_ONSTACK|SA_RESTART|SA_SIGINFO
SIGBUS: [libjvm.dylib+0x5a6bd1], sa_mask[0]=11111111011111110111111111111111, sa_flags=SA_RESTART|SA_SIGINFO
SIGFPE: [libjvm.dylib+0x4808e8], sa_mask[0]=11111111011111110111111111111111, sa_flags=SA_RESTART|SA_SIGINFO
SIGPIPE: [libjvm.dylib+0x4808e8], sa_mask[0]=11111111011111110111111111111111, sa_flags=SA_RESTART|SA_SIGINFO
SIGXFSZ: [libjvm.dylib+0x4808e8], sa_mask[0]=11111111011111110111111111111111, sa_flags=SA_RESTART|SA_SIGINFO
SIGILL: [libjvm.dylib+0x4808e8], sa_mask[0]=11111111011111110111111111111111, sa_flags=SA_RESTART|SA_SIGINFO
SIGUSR1: SIG_DFL, sa_mask[0]=00000000000000000000000000000000, sa_flags=none
SIGUSR2: [libjvm.dylib+0x480406], sa_mask[0]=00100000000000000000000000000000, sa_flags=SA_RESTART|SA_SIGINFO
SIGHUP: [libjvm.dylib+0x47e9dd], sa_mask[0]=11111111011111110111111111111111, sa_flags=SA_RESTART|SA_SIGINFO
SIGINT: [libjvm.dylib+0x47e9dd], sa_mask[0]=11111111011111110111111111111111, sa_flags=SA_RESTART|SA_SIGINFO
SIGTERM: [libjvm.dylib+0x47e9dd], sa_mask[0]=11111111011111110111111111111111, sa_flags=SA_RESTART|SA_SIGINFO
SIGQUIT: [libjvm.dylib+0x47e9dd], sa_mask[0]=11111111011111110111111111111111, sa_flags=SA_RESTART|SA_SIGINFO


---------------  S Y S T E M  ---------------

OS:Bsduname:Darwin 14.5.0 Darwin Kernel Version 14.5.0: Wed Jul 29 02:26:53 PDT 2015; root:xnu-2782.40.9~1/RELEASE_X86_64 x86_64
rlimit: STACK 8192k, CORE 0k, NPROC 709, NOFILE 10240, AS infinity
load average:1.77 1.59 1.52

CPU:total 4 (2 cores per cpu, 2 threads per core) family 6 model 69 stepping 1, cmov, cx8, fxsr, mmx, sse, sse2, sse3, ssse3, sse4.1, sse4.2, popcnt, avx, avx2, aes, clmul, erms, rtm, lzcnt, ht, tsc, tscinvbit, bmi1, bmi2

Memory: 4k page, physical 8388608k(1064844k free)

/proc/meminfo:


vm_info: Java HotSpot(TM) 64-Bit Server VM (25.60-b23) for bsd-amd64 JRE (1.8.0_60-ea-b24), built on Jul 14 2015 21:18:15 by "java_re" with gcc 4.2.1 (Based on Apple Inc. build 5658) (LLVM build 2336.11.00)

time: Wed Sep 23 11:54:26 2015
elapsed time: 6 seconds (0d 0h 0m 6s)

